Install location:
    file:/home/zx/eclipse/org.eclipse.linuxtools.eclipse-build/eclipse-build/org.eclipse.releng.basebuilder/
Configuration file:
    file:/home/zx/eclipse/org.eclipse.linuxtools.eclipse-build/eclipse-build/org.eclipse.releng.basebuilder/configuration/config.ini loaded
Configuration location:
    file:/home/zx/eclipse/org.eclipse.linuxtools.eclipse-build/eclipse-build/org.eclipse.releng.basebuilder/configuration/
Framework located:
    file:/home/zx/eclipse/org.eclipse.linuxtools.eclipse-build/eclipse-build/org.eclipse.releng.basebuilder/plugins/org.eclipse.osgi_3.7.0.v20110427.jar
Framework classpath:
    file:/home/zx/eclipse/org.eclipse.linuxtools.eclipse-build/eclipse-build/org.eclipse.releng.basebuilder/plugins/org.eclipse.osgi_3.7.0.v20110427.jar
Debug options:
    file:/home/zx/eclipse/org.eclipse.linuxtools.eclipse-build/eclipse-build/.options not found
Time to load bundles: 5
Starting application: 1226
!SESSION 2011-05-08 15:05:45.424 -----------------------------------------------
eclipse.buildId=200905221710
java.version=1.6.0_22
java.vendor=Sun Microsystems Inc.
BootLoader constants: OS=linux, ARCH=x86, WS=gtk, NL=en_US
Framework arguments:  -application org.eclipse.ant.core.antRunner -f pdebuild.xml generateScripts -DbuildDirectory=/home/zx/eclipses/eclipse -DskipBase=true -DsdkSource=build/eclipse-3.7.0-I20110505-0800-src
Command-line arguments:  -debug -consolelog -data /home/zx/eclipses/eclipse -application org.eclipse.ant.core.antRunner -f pdebuild.xml generateScripts -DbuildDirectory=/home/zx/eclipses/eclipse -DskipBase=true -DsdkSource=build/eclipse-3.7.0-I20110505-0800-src

!ENTRY org.eclipse.equinox.app 0 0 2011-05-08 15:05:46.829
!MESSAGE Product org.eclipse.sdk.ide could not be found.
Apache Ant(TM) version 1.8.2 compiled on December 20 2010
Setting ro project property: ant.file -> pdebuild.xml
Buildfile: pdebuild.xml
 +Datatype eclipse.convert org.eclipse.jdt.core.contrib.ant.LogConverterTask
 +Datatype p2.repo2runnable org.eclipse.equinox.p2.internal.repository.tools.tasks.Repo2RunnableTask
 +Datatype p2.mirror org.eclipse.equinox.p2.internal.repository.tools.tasks.MirrorTask
 +Datatype p2.artifact.mirror org.eclipse.equinox.p2.internal.repository.tools.tasks.MirrorArtifactsTask
 +Datatype p2.metadata.mirror org.eclipse.equinox.p2.internal.repository.tools.tasks.MirrorMetadataTask
 +Datatype p2.composite.repository org.eclipse.equinox.p2.internal.repository.tools.tasks.CompositeRepositoryTask
 +Datatype p2.process.artifacts org.eclipse.equinox.p2.internal.repository.tools.tasks.ProcessRepoTask
 +Datatype p2.remove.iu org.eclipse.equinox.p2.internal.repository.tools.tasks.RemoveIUTask
 +Datatype p2.composite.artifact.repository.validate org.eclipse.equinox.p2.internal.repository.tools.tasks.ValidateTask
 +Datatype p2.validate.artifacts org.eclipse.equinox.p2.internal.repository.tools.tasks.ValidateTask
 +Datatype p2.composite.artifact.repository.add org.eclipse.equinox.p2.internal.repository.tools.tasks.CompositeRepositoryTask
 +Datatype p2.composite.artifact.repository.create org.eclipse.equinox.p2.internal.repository.tools.tasks.CreateCompositeArtifactRepositoryTask
 +Datatype p2.composite.artifact.repository.remove org.eclipse.equinox.p2.internal.repository.tools.tasks.CompositeRepositoryTask
 +Datatype p2.director org.eclipse.equinox.p2.director.app.ant.DirectorTask
 +Datatype help.buildHelpIndex org.eclipse.help.internal.base.ant.BuildHelpIndex
 +Datatype pde.convertSchemaToHTML org.eclipse.pde.internal.core.ant.ConvertSchemaToHTML
 +Datatype pde.exportPlugins org.eclipse.pde.internal.core.ant.PluginExportTask
 +Datatype pde.exportFeatures org.eclipse.pde.internal.core.ant.FeatureExportTask
 +Datatype sysProp org.eclipse.releng.SystemProperty
 +Datatype generateBaseFetchScript org.eclipse.releng.generators.FetchBaseTask
 +Datatype generateTestProperties org.eclipse.releng.generators.TestVersionTracker
 +Datatype verifyCompile org.eclipse.releng.CompileErrorCheck
 +Datatype findMachine org.eclipse.releng.FindMachineTask
 +Datatype modifiedMaps org.eclipse.releng.CvsDiffParser
 +Datatype unpackUpdateJars org.eclipse.releng.UnpackUpdateJars
 +Datatype generateExcludeList org.eclipse.releng.GenerateExcludeListTask
 +Datatype p2.publisher org.eclipse.equinox.internal.p2.publisher.ant.PublisherTask
 +Datatype p2.publish.featuresAndBundles org.eclipse.equinox.internal.p2.publisher.ant.FeaturesAndBundlesPublisherTask
 +Datatype p2.publish.product org.eclipse.equinox.internal.p2.publisher.ant.ProductPublisherTask
 +Datatype eclipse.brand org.eclipse.pde.internal.build.tasks.BrandTask
 +Datatype eclipse.brand.p2.artifacts org.eclipse.pde.internal.build.publisher.BrandP2Task
 +Datatype eclipse.gatherBundle org.eclipse.pde.internal.build.publisher.GatherBundleTask
 +Datatype eclipse.gatherFeature org.eclipse.pde.internal.build.publisher.GatherFeatureTask
 +Datatype eclipse.fetch org.eclipse.pde.internal.build.tasks.FetchTask
 +Datatype eclipse.buildScript org.eclipse.pde.internal.build.tasks.BuildScriptGeneratorTask
 +Datatype eclipse.generateFeature org.eclipse.pde.internal.build.tasks.FeatureGeneratorTask
 +Datatype eclipse.buildManifest org.eclipse.pde.internal.build.tasks.BuildManifestTask
 +Datatype eclipse.assembler org.eclipse.pde.internal.build.tasks.PackagerTask
 +Datatype eclipse.idReplacer org.eclipse.pde.internal.build.tasks.IdReplaceTask
 +Datatype eclipse.licenseReplacer org.eclipse.pde.internal.build.tasks.LicenseReplaceTask
 +Datatype eclipse.jnlpGenerator org.eclipse.pde.internal.build.tasks.JNLPGeneratorTask
 +Datatype eclipse.unzipperBuilder org.eclipse.pde.internal.build.tasks.UnzipperGeneratorTask
 +Datatype eclipse.fetchFilesGenerator org.eclipse.pde.internal.build.tasks.FetchFileGeneratorTask
 +Datatype eclipse.versionReplacer org.eclipse.pde.internal.build.tasks.GenericVersionReplacer
 +Datatype eclipse.publish.featuresAndBundles org.eclipse.pde.internal.build.publisher.FeaturesAndBundlesTask
 +Datatype eclipse.logCompileError org.eclipse.pde.internal.build.tasks.CompileErrorTask
 +Datatype p2.generator org.eclipse.pde.internal.build.generator.GeneratorTask
 +Datatype p2.composite.metadata.repository.add org.eclipse.equinox.internal.p2.metadata.repository.ant.AddChildTask
 +Datatype p2.composite.metadata.repository.create org.eclipse.equinox.internal.p2.metadata.repository.ant.CreateCompositeMetadataRepositoryTask
 +Datatype p2.composite.metadata.repository.remove org.eclipse.equinox.internal.p2.metadata.repository.ant.RemoveChildTask
 +Datatype eclipse.checkDebugAttributes org.eclipse.jdt.core.CheckDebugAttributes
 +Datatype eclipse.convertPath org.eclipse.core.resources.ant.ConvertPath
 +Datatype eclipse.incrementalBuild org.eclipse.core.resources.ant.IncrementalBuild
 +Datatype eclipse.refreshLocal org.eclipse.core.resources.ant.RefreshLocalTask
 +Datatype eclipse.jarProcessor org.eclipse.equinox.internal.p2.jarprocessor.ant.JarProcessorTask
 +Datatype artifact org.eclipse.equinox.p2.internal.repository.tools.tasks.ArtifactDescription
Adding reference: ant.projectHelper
Adding reference: ant.parsing.context
Adding reference: ant.targets
parsing buildfile /home/zx/eclipse/org.eclipse.linuxtools.eclipse-build/eclipse-build/pdebuild.xml with URI = file:/home/zx/eclipse/org.eclipse.linuxtools.eclipse-build/eclipse-build/pdebuild.xml
Setting ro project property: ant.project.name -> Pdebuild bootstrap
Adding reference: Pdebuild bootstrap
Setting ro project property: ant.project.default-target -> cleanBuild
Setting ro project property: ant.file.Pdebuild bootstrap -> /home/zx/eclipse/org.eclipse.linuxtools.eclipse-build/eclipse-build/pdebuild.xml
Setting ro project property: ant.file.type.Pdebuild bootstrap -> file
Project base dir set to: /home/zx/eclipse/org.eclipse.linuxtools.eclipse-build/eclipse-build
 +Target: 
 +Target: cleanBuild
 +Target: generateScripts
 +Target: generateScripts2
 +Target: bootstrap
 +Target: bootstrap-clean
 +Target: bootstrap2
 +Target: cleanBuilded
 +Target: zipPlugins
 +Target: zipPlugins2
 +Target: collectBootstrapPlugins
 +Target: clean
Adding reference: ant.LocalProperties
parsing buildfile jar:file:/home/zx/eclipse/org.eclipse.linuxtools.eclipse-build/eclipse-build/org.eclipse.releng.basebuilder/plugins/org.apache.ant_1.8.2.v20110117-1200/lib/ant.jar!/org/apache/tools/ant/antlib.xml with URI = jar:file:/home/zx/eclipse/org.eclipse.linuxtools.eclipse-build/eclipse-build/org.eclipse.releng.basebuilder/plugins/org.apache.ant_1.8.2.v20110117-1200/lib/ant.jar!/org/apache/tools/ant/antlib.xml from a zip file
 [property] Loading /home/zx/eclipse/org.eclipse.linuxtools.eclipse-build/eclipse-build/pdebuild.properties
Setting project property: CDC-1.0/PersonalJava-1.0 -> /usr/lib/jvm/java/jre/lib/rt.jar:/usr/lib/jvm/java/jre/lib/jce.jar:/usr/lib/jvm/default-java/jre/lib/rt.jar:/usr/lib/jvm/default-java/jre/lib/jce.jar:/usr/lib64/jvm/java/jre/lib/rt.jar:/usr/lib64/jvm/java/jre/lib/jce.jar
Setting project property: buildTag -> 3.7.0-I20110505-0800
Setting project property: javacFailOnError -> true
Setting project property: CDC-1.1/PersonalJava-1.1 -> /usr/lib/jvm/java/jre/lib/rt.jar:/usr/lib/jvm/java/jre/lib/jce.jar:/usr/lib/jvm/default-java/jre/lib/rt.jar:/usr/lib/jvm/default-java/jre/lib/jce.jar:/usr/lib64/jvm/java/jre/lib/rt.jar:/usr/lib64/jvm/java/jre/lib/jce.jar
Setting project property: CDC-1.1/PersonalBasis-1.1 -> /usr/lib/jvm/java/jre/lib/rt.jar:/usr/lib/jvm/java/jre/lib/jce.jar:/usr/lib/jvm/default-java/jre/lib/rt.jar:/usr/lib/jvm/default-java/jre/lib/jce.jar:/usr/lib64/jvm/java/jre/lib/rt.jar:/usr/lib64/jvm/java/jre/lib/jce.jar
Setting project property: OSGi/Minimum-1.2 -> /usr/lib/jvm/java/jre/lib/rt.jar:/usr/lib/jvm/java/jre/lib/jce.jar:/usr/lib/jvm/default-java/jre/lib/rt.jar:/usr/lib/jvm/default-java/jre/lib/jce.jar:/usr/lib64/jvm/java/jre/lib/rt.jar:/usr/lib64/jvm/java/jre/lib/jce.jar
Setting project property: OSGi/Minimum-1.1 -> /usr/lib/jvm/java/jre/lib/rt.jar:/usr/lib/jvm/java/jre/lib/jce.jar:/usr/lib/jvm/default-java/jre/lib/rt.jar:/usr/lib/jvm/default-java/jre/lib/jce.jar:/usr/lib64/jvm/java/jre/lib/rt.jar:/usr/lib64/jvm/java/jre/lib/jce.jar
Setting project property: OSGi/Minimum-1.0 -> /usr/lib/jvm/java/jre/lib/rt.jar:/usr/lib/jvm/java/jre/lib/jce.jar:/usr/lib/jvm/default-java/jre/lib/rt.jar:/usr/lib/jvm/default-java/jre/lib/jce.jar:/usr/lib64/jvm/java/jre/lib/rt.jar:/usr/lib64/jvm/java/jre/lib/jce.jar
Setting project property: os -> linux
Setting project property: bootclasspath -> /usr/lib/jvm/java/jre/lib/rt.jar:/usr/lib/jvm/java/jre/lib/jce.jar:/usr/lib/jvm/default-java/jre/lib/rt.jar:/usr/lib/jvm/default-java/jre/lib/jce.jar:/usr/lib64/jvm/java/jre/lib/rt.jar:/usr/lib64/jvm/java/jre/lib/jce.jar
Setting project property: CDC-1.0/PersonalBasis-1.0 -> /usr/lib/jvm/java/jre/lib/rt.jar:/usr/lib/jvm/java/jre/lib/jce.jar:/usr/lib/jvm/default-java/jre/lib/rt.jar:/usr/lib/jvm/default-java/jre/lib/jce.jar:/usr/lib64/jvm/java/jre/lib/rt.jar:/usr/lib64/jvm/java/jre/lib/jce.jar
Setting project property: buildId -> 3.7.0-I20110505-0800
Setting project property: CDC-1.0/Foundation-1.0 -> /usr/lib/jvm/java/jre/lib/rt.jar:/usr/lib/jvm/java/jre/lib/jce.jar:/usr/lib/jvm/default-java/jre/lib/rt.jar:/usr/lib/jvm/default-java/jre/lib/jce.jar:/usr/lib64/jvm/java/jre/lib/rt.jar:/usr/lib64/jvm/java/jre/lib/jce.jar
Setting project property: PersonalJava-1.2 -> /usr/lib/jvm/java/jre/lib/rt.jar:/usr/lib/jvm/java/jre/lib/jce.jar:/usr/lib/jvm/default-java/jre/lib/rt.jar:/usr/lib/jvm/default-java/jre/lib/jce.jar:/usr/lib64/jvm/java/jre/lib/rt.jar:/usr/lib64/jvm/java/jre/lib/jce.jar
Setting project property: label -> 3.7.0-I20110505-0800
Setting project property: PersonalJava-1.1 -> /usr/lib/jvm/java/jre/lib/rt.jar:/usr/lib/jvm/java/jre/lib/jce.jar:/usr/lib/jvm/default-java/jre/lib/rt.jar:/usr/lib/jvm/default-java/jre/lib/jce.jar:/usr/lib64/jvm/java/jre/lib/rt.jar:/usr/lib64/jvm/java/jre/lib/jce.jar
Setting project property: ws -> gtk
Setting project property: CDC-1.1/Foundation-1.1 -> /usr/lib/jvm/java/jre/lib/rt.jar:/usr/lib/jvm/java/jre/lib/jce.jar:/usr/lib/jvm/default-java/jre/lib/rt.jar:/usr/lib/jvm/default-java/jre/lib/jce.jar:/usr/lib64/jvm/java/jre/lib/rt.jar:/usr/lib64/jvm/java/jre/lib/jce.jar
Setting project property: buildArch -> x86
Setting project property: J2SE-1.4 -> /usr/lib/jvm/java/jre/lib/rt.jar:/usr/lib/jvm/java/jre/lib/jce.jar:/usr/lib/jvm/default-java/jre/lib/rt.jar:/usr/lib/jvm/default-java/jre/lib/jce.jar:/usr/lib64/jvm/java/jre/lib/rt.jar:/usr/lib64/jvm/java/jre/lib/jce.jar
Setting project property: J2SE-1.5 -> /usr/lib/jvm/java/jre/lib/rt.jar:/usr/lib/jvm/java/jre/lib/jce.jar:/usr/lib/jvm/default-java/jre/lib/rt.jar:/usr/lib/jvm/default-java/jre/lib/jce.jar:/usr/lib64/jvm/java/jre/lib/rt.jar:/usr/lib64/jvm/java/jre/lib/jce.jar
Setting project property: J2SE-1.2 -> /usr/lib/jvm/java/jre/lib/rt.jar:/usr/lib/jvm/java/jre/lib/jce.jar:/usr/lib/jvm/default-java/jre/lib/rt.jar:/usr/lib/jvm/default-java/jre/lib/jce.jar:/usr/lib64/jvm/java/jre/lib/rt.jar:/usr/lib64/jvm/java/jre/lib/jce.jar
Setting project property: J2SE-1.3 -> /usr/lib/jvm/java/jre/lib/rt.jar:/usr/lib/jvm/java/jre/lib/jce.jar:/usr/lib/jvm/default-java/jre/lib/rt.jar:/usr/lib/jvm/default-java/jre/lib/jce.jar:/usr/lib64/jvm/java/jre/lib/rt.jar:/usr/lib64/jvm/java/jre/lib/jce.jar
Setting project property: JavaSE-1.6 -> /usr/lib/jvm/java/jre/lib/rt.jar:/usr/lib/jvm/java/jre/lib/jce.jar:/usr/lib/jvm/default-java/jre/lib/rt.jar:/usr/lib/jvm/default-java/jre/lib/jce.jar:/usr/lib64/jvm/java/jre/lib/rt.jar:/usr/lib64/jvm/java/jre/lib/jce.jar
Setting project property: JRE-1.1 -> /usr/lib/jvm/java/jre/lib/rt.jar:/usr/lib/jvm/java/jre/lib/jce.jar:/usr/lib/jvm/default-java/jre/lib/rt.jar:/usr/lib/jvm/default-java/jre/lib/jce.jar:/usr/lib64/jvm/java/jre/lib/rt.jar:/usr/lib64/jvm/java/jre/lib/jce.jar
Override ignored for property "sdkSource"
 +Datatype generateBuildScripts org.apache.tools.ant.taskdefs.MacroInstance
 [macrodef] creating macro  generateBuildScripts
Adding reference: depsDirs
Adding reference: helpDirs
Adding reference: depsDirs2
Adding reference: orbitDeps
Adding reference: pdebuildClasspath
Adding reference: depsZips
Setting ro project property: ant.project.invoked-targets -> generateScripts
Adding reference: eclipse.ant.targetVector
Build sequence for target(s) `generateScripts' is [generateScripts]
Complete build sequence is [generateScripts, collectBootstrapPlugins, bootstrap, zipPlugins, bootstrap2, zipPlugins2, clean, cleanBuild, generateScripts2, bootstrap-clean, cleanBuilded, ]

generateScripts:
[pathconvert] Set property plugins = plugin@org.eclipse.osgi, plugin@org.eclipse.equinox.common, plugin@org.eclipse.core.jobs, plugin@org.eclipse.equinox.registry, plugin@org.eclipse.equinox.preferences, plugin@org.eclipse.core.runtime.compatibility.auth, plugin@org.eclipse.core.contenttype, plugin@org.eclipse.equinox.app, plugin@org.eclipse.core.runtime, plugin@org.eclipse.core.variables, plugin@org.eclipse.ant.core, plugin@org.eclipse.equinox.p2.core, plugin@org.eclipse.equinox.p2.metadata, plugin@org.eclipse.equinox.frameworkadmin, plugin@org.eclipse.equinox.frameworkadmin.equinox, plugin@org.eclipse.equinox.p2.jarprocessor, plugin@org.eclipse.equinox.security, plugin@org.eclipse.core.net, plugin@org.eclipse.equinox.concurrent, plugin@org.eclipse.ecf.ssl, plugin@org.eclipse.ecf.identity, plugin@org.eclipse.ecf, plugin@org.eclipse.ecf.filetransfer, plugin@org.eclipse.ecf.provider.filetransfer, plugin@org.eclipse.ecf.provider.filetransfer.ssl, plugin@org.eclipse.ecf.provider.filetransfer.httpclient, plugin@org.eclipse.ecf.provider.filetransfer.httpclient.ssl, plugin@org.eclipse.equinox.p2.repository, plugin@org.eclipse.equinox.p2.artifact.repository, plugin@org.eclipse.equinox.p2.metadata.repository, plugin@org.eclipse.equinox.simpleconfigurator, plugin@org.eclipse.equinox.simpleconfigurator.manipulator, plugin@org.eclipse.equinox.p2.publisher, plugin@org.eclipse.update.configurator, plugin@org.eclipse.core.runtime.compatibility, plugin@org.eclipse.equinox.p2.engine, plugin@org.eclipse.equinox.p2.director, plugin@org.eclipse.equinox.p2.repository.tools, plugin@org.eclipse.equinox.p2.updatesite, plugin@org.eclipse.pde.build, plugin@org.eclipse.equinox.launcher, plugin@org.eclipse.osgi.services, plugin@org.eclipse.equinox.p2.console, plugin@org.eclipse.equinox.p2.director.app, plugin@org.eclipse.update.core, plugin@org.eclipse.equinox.p2.garbagecollector, plugin@org.eclipse.core.expressions, plugin@org.eclipse.equinox.http.servlet, plugin@org.eclipse.equinox.p2.touchpoint.eclipse, plugin@org.eclipse.equinox.p2.touchpoint.natives
Setting project property: plugins -> plugin@org.eclipse.osgi, plugin@org.eclipse.equinox.common, plugin@org.eclipse.core.jobs, plugin@org.eclipse.equinox.registry, plugin@org.eclipse.equinox.preferences, plugin@org.eclipse.core.runtime.compatibility.auth, plugin@org.eclipse.core.contenttype, plugin@org.eclipse.equinox.app, plugin@org.eclipse.core.runtime, plugin@org.eclipse.core.variables, plugin@org.eclipse.ant.core, plugin@org.eclipse.equinox.p2.core, plugin@org.eclipse.equinox.p2.metadata, plugin@org.eclipse.equinox.frameworkadmin, plugin@org.eclipse.equinox.frameworkadmin.equinox, plugin@org.eclipse.equinox.p2.jarprocessor, plugin@org.eclipse.equinox.security, plugin@org.eclipse.core.net, plugin@org.eclipse.equinox.concurrent, plugin@org.eclipse.ecf.ssl, plugin@org.eclipse.ecf.identity, plugin@org.eclipse.ecf, plugin@org.eclipse.ecf.filetransfer, plugin@org.eclipse.ecf.provider.filetransfer, plugin@org.eclipse.ecf.provider.filetransfer.ssl, plugin@org.eclipse.ecf.provider.filetransfer.httpclient, plugin@org.eclipse.ecf.provider.filetransfer.httpclient.ssl, plugin@org.eclipse.equinox.p2.repository, plugin@org.eclipse.equinox.p2.artifact.repository, plugin@org.eclipse.equinox.p2.metadata.repository, plugin@org.eclipse.equinox.simpleconfigurator, plugin@org.eclipse.equinox.simpleconfigurator.manipulator, plugin@org.eclipse.equinox.p2.publisher, plugin@org.eclipse.update.configurator, plugin@org.eclipse.core.runtime.compatibility, plugin@org.eclipse.equinox.p2.engine, plugin@org.eclipse.equinox.p2.director, plugin@org.eclipse.equinox.p2.repository.tools, plugin@org.eclipse.equinox.p2.updatesite, plugin@org.eclipse.pde.build, plugin@org.eclipse.equinox.launcher, plugin@org.eclipse.osgi.services, plugin@org.eclipse.equinox.p2.console, plugin@org.eclipse.equinox.p2.director.app, plugin@org.eclipse.update.core, plugin@org.eclipse.equinox.p2.garbagecollector, plugin@org.eclipse.core.expressions, plugin@org.eclipse.equinox.http.servlet, plugin@org.eclipse.equinox.p2.touchpoint.eclipse, plugin@org.eclipse.equinox.p2.touchpoint.natives
[eclipse.buildScript] Some inter-plug-in dependencies have not been satisfied.
[eclipse.buildScript] Bundle org.eclipse.ui.views.properties.tabbed:
[eclipse.buildScript] 	Missing required plug-in org.eclipse.ui.forms_[3.3.0,4.0.0).
[eclipse.buildScript] 	Missing required plug-in org.eclipse.ui.views_[3.2.0,4.0.0).
[eclipse.buildScript] 	Missing required plug-in org.eclipse.ui_[3.3.0,4.0.0).
[eclipse.buildScript] 	Unsatisfied import package com.ibm.icu.text_0.0.0.
[eclipse.buildScript] Bundle org.eclipse.pde.api.tools.ee.j2se15:
[eclipse.buildScript] 	Host plug-in org.eclipse.pde.api.tools_1.0.300 has not been found.
[eclipse.buildScript] Bundle org.eclipse.equinox.jsp.jasper.registry:
[eclipse.buildScript] 	Unsatisfied import package org.eclipse.equinox.jsp.jasper_0.0.0.
[eclipse.buildScript] 	Unsatisfied import package javax.servlet_2.4.0.
[eclipse.buildScript] 	Unsatisfied import package javax.servlet.http_2.4.0.
[eclipse.buildScript] Bundle org.eclipse.ui.workbench.texteditor:
[eclipse.buildScript] 	Missing required plug-in org.eclipse.compare.core_[3.5.0,4.0.0).
[eclipse.buildScript] 	Missing required plug-in org.eclipse.jface.text_[3.7.0,4.0.0).
[eclipse.buildScript] 	Missing required plug-in org.eclipse.ui_[3.5.0,4.0.0).
[eclipse.buildScript] 	Unsatisfied import package com.ibm.icu.text_0.0.0.
[eclipse.buildScript] Bundle org.eclipse.equinox.launcher.gtk.linux.mips:
[eclipse.buildScript] 	Host plug-in org.eclipse.equinox.launcher_[1.0.0,1.1.0) has not been found.
[eclipse.buildScript] Bundle org.eclipse.jdt.apt.ui:
[eclipse.buildScript] 	Missing required plug-in org.eclipse.jdt.apt.core_[3.2.0,4.0.0).
[eclipse.buildScript] 	Missing required plug-in org.eclipse.jdt.ui_[3.2.0,4.0.0).
[eclipse.buildScript] 	Missing required plug-in org.eclipse.jdt.core_[3.2.0,4.0.0).
[eclipse.buildScript] 	Missing required plug-in org.eclipse.ui_[3.5.0,4.0.0).
[eclipse.buildScript] 	Missing required plug-in org.eclipse.ui.forms_[3.2.0,4.0.0).
[eclipse.buildScript] Bundle org.eclipse.platform:
[eclipse.buildScript] 	Missing required plug-in org.eclipse.ui.intro_[3.2.0,4.0.0).
[eclipse.buildScript] 	Optional plug-in org.eclipse.ui.cheatsheets_[3.2.0,4.0.0) is not available.
[eclipse.buildScript] 	Optional plug-in org.eclipse.ui.forms_[3.2.0,4.0.0) is not available.
[eclipse.buildScript] 	Optional plug-in org.eclipse.ui_[3.2.0,4.0.0) is not available.
[eclipse.buildScript] Bundle org.eclipse.equinox.p2.ui.admin.rcp:
[eclipse.buildScript] 	Missing required plug-in org.eclipse.ui_0.0.0.
[eclipse.buildScript] Bundle org.eclipse.pde.api.tools.ee.osgiminimum10:
[eclipse.buildScript] 	Host plug-in org.eclipse.pde.api.tools_1.0.300 has not been found.
[eclipse.buildScript] Bundle org.eclipse.ecf.provider.filetransfer.httpclient.ssl:
[eclipse.buildScript] 	Host plug-in org.eclipse.ecf.provider.filetransfer.httpclient_0.0.0 has not been found.
[eclipse.buildScript] Bundle org.eclipse.pde.api.tools.ui:
[eclipse.buildScript] 	Missing required plug-in org.eclipse.jdt.core_[3.4.0,4.0.0).
[eclipse.buildScript] 	Missing required plug-in org.eclipse.pde.ui_[3.4.0,4.0.0).
[eclipse.buildScript] 	Missing required plug-in org.eclipse.pde.api.tools_[1.0.0,2.0.0).
[eclipse.buildScript] 	Missing required plug-in org.eclipse.ui_[3.4.0,4.0.0).
[eclipse.buildScript] 	Missing required plug-in org.eclipse.jdt.ui_[3.4.0,4.0.0).
[eclipse.buildScript] 	Missing required plug-in org.eclipse.jface.text_[3.4.0,4.0.0).
[eclipse.buildScript] 	Missing required plug-in org.eclipse.jdt.launching_[3.4.0,4.0.0).
[eclipse.buildScript] 	Missing required plug-in org.eclipse.ui.forms_[3.3.100,4.0.0).
[eclipse.buildScript] 	Missing required plug-in org.eclipse.ui.ide_[3.4.0,4.0.0).
[eclipse.buildScript] 	Missing required plug-in org.eclipse.search_[3.4.0,4.0.0).
[eclipse.buildScript] 	Missing required plug-in org.eclipse.ui.editors_[3.4.0,4.0.0).
[eclipse.buildScript] 	Missing required plug-in org.eclipse.ltk.core.refactoring_[3.4.0,4.0.0).
[eclipse.buildScript] 	Missing required plug-in org.eclipse.ltk.ui.refactoring_[3.4.0,4.0.0).
[eclipse.buildScript] 	Missing required plug-in org.eclipse.debug.core_[3.4.0,4.0.0).
[eclipse.buildScript] 	Missing required plug-in org.eclipse.debug.ui_[3.4.0,4.0.0).
[eclipse.buildScript] 	Unsatisfied import package com.ibm.icu.text_3.6.1.
[eclipse.buildScript] Bundle org.eclipse.pde.api.tools.ee.j2se14:
[eclipse.buildScript] 	Host plug-in org.eclipse.pde.api.tools_1.0.300 has not been found.
[eclipse.buildScript] Bundle org.eclipse.jdt.junit.core:
[eclipse.buildScript] 	Missing required plug-in org.eclipse.debug.core_[3.5.0,4.0.0).
[eclipse.buildScript] 	Missing required plug-in org.eclipse.jdt.core_[3.5.0,4.0.0).
[eclipse.buildScript] 	Missing required plug-in org.eclipse.jdt.launching_[3.5.0,4.0.0).
[eclipse.buildScript] Bundle org.eclipse.ui.cheatsheets:
[eclipse.buildScript] 	Missing required plug-in org.eclipse.ui_[3.6.0,4.0.0).
[eclipse.buildScript] 	Missing required plug-in org.eclipse.ui.forms_[3.5.0,4.0.0).
[eclipse.buildScript] 	Missing required plug-in org.eclipse.help_[3.5.0,4.0.0).
[eclipse.buildScript] 	Optional plug-in org.eclipse.help.base_[3.5.0,4.0.0) is not available.
[eclipse.buildScript] 	Optional plug-in org.eclipse.help.ui_[3.5.0,4.0.0) is not available.
[eclipse.buildScript] 	Unsatisfied import package com.ibm.icu.text_0.0.0.
[eclipse.buildScript] Bundle org.eclipse.ui.navigator:
[eclipse.buildScript] 	Missing required plug-in org.eclipse.ui_[3.6.0,4.0.0).
[eclipse.buildScript] Bundle org.eclipse.ui.net:
[eclipse.buildScript] 	Missing required plug-in org.eclipse.ui_[3.3.0,4.0.0).
[eclipse.buildScript] Bundle org.eclipse.help:
[eclipse.buildScript] 	Unsatisfied import package com.ibm.icu.text_3.8.0.
[eclipse.buildScript] Bundle org.eclipse.equinox.launcher.gtk.linux.PA_RISC:
[eclipse.buildScript] 	Host plug-in org.eclipse.equinox.launcher_[1.0.0,1.1.0) has not been found.
[eclipse.buildScript] Bundle org.eclipse.jdt.launching.ui.macosx:
[eclipse.buildScript] 	Missing required plug-in org.eclipse.jdt.launching_[3.5.0,4.0.0).
[eclipse.buildScript] 	Missing required plug-in org.eclipse.debug.core_[3.5.0,4.0.0).
[eclipse.buildScript] 	Missing required plug-in org.eclipse.jdt.core_[3.5.0,4.0.0).
[eclipse.buildScript] 	Missing required plug-in org.eclipse.ui_[3.5.0,4.0.0).
[eclipse.buildScript] Bundle org.eclipse.ltk.core.refactoring:
[eclipse.buildScript] 	Missing required plug-in org.eclipse.core.filebuffers_[3.5.0,4.0.0).
[eclipse.buildScript] 	Missing required plug-in org.eclipse.text_[3.5.0,4.0.0).
[eclipse.buildScript] 	Unsatisfied import package com.ibm.icu.text_0.0.0.
[eclipse.buildScript] Bundle org.eclipse.ui.views.log:
[eclipse.buildScript] 	Missing required plug-in org.eclipse.ui_[3.3.0,4.0.0).
[eclipse.buildScript] 	Optional plug-in org.eclipse.ui.ide_[3.3.0,4.0.0) is not available.
[eclipse.buildScript] 	Unsatisfied import package com.ibm.icu.text_0.0.0.
[eclipse.buildScript] Bundle org.eclipse.pde.core:
[eclipse.buildScript] 	Missing required plug-in org.eclipse.jdt.core_[3.2.0,4.0.0).
[eclipse.buildScript] 	Missing required plug-in org.eclipse.text_[3.1.0,4.0.0).
[eclipse.buildScript] 	Missing required plug-in org.eclipse.jdt.launching_[3.2.0,4.0.0).
[eclipse.buildScript] 	Missing required plug-in org.eclipse.core.filebuffers_[3.2.0,4.0.0).
[eclipse.buildScript] 	Missing required plug-in org.eclipse.pde.build_[3.2.0,4.1.0).
[eclipse.buildScript] 	Missing required plug-in org.eclipse.debug.core_[3.5.0,4.0.0).
[eclipse.buildScript] 	Missing required plug-in org.eclipse.equinox.p2.director_[2.0.0,3.0.0).
[eclipse.buildScript] 	Missing required plug-in org.eclipse.equinox.p2.touchpoint.eclipse_[2.0.0,3.0.0).
[eclipse.buildScript] 	Unsatisfied import package com.ibm.icu.util_0.0.0.
[eclipse.buildScript] Bundle org.eclipse.ant.launching:
[eclipse.buildScript] 	Missing required plug-in org.eclipse.debug.core_[3.6.0,4.0.0).
[eclipse.buildScript] 	Missing required plug-in org.eclipse.jdt.launching_[3.5.0,4.0.0).
[eclipse.buildScript] 	Missing required plug-in org.eclipse.core.externaltools_[1.0.0,2.0.0).
[eclipse.buildScript] 	Missing required plug-in org.eclipse.text_[3.5.0,4.0.0).
[eclipse.buildScript] 	Missing required plug-in org.eclipse.jdt.core_[3.5.0,4.0.0).
[eclipse.buildScript] 	Unsatisfied import package com.ibm.icu.text_0.0.0.
[eclipse.buildScript] Bundle org.eclipse.equinox.http.registry:
[eclipse.buildScript] 	Unsatisfied import package javax.servlet_2.3.0.
[eclipse.buildScript] 	Unsatisfied import package javax.servlet.http_2.3.0.
[eclipse.buildScript] Bundle org.eclipse.equinox.launcher.gtk.linux.mipsel:
[eclipse.buildScript] 	Host plug-in org.eclipse.equinox.launcher_[1.0.0,1.1.0) has not been found.
[eclipse.buildScript] Bundle org.eclipse.pde.build:
[eclipse.buildScript] 	Optional plug-in org.eclipse.equinox.p2.repository.tools_[2.0.0,3.0.0) is not available.
[eclipse.buildScript] 	Missing required plug-in org.eclipse.equinox.p2.director.app_1.0.200.
[eclipse.buildScript] 	Unsatisfied import package com.ibm.icu.util_0.0.0.
[eclipse.buildScript] Bundle org.eclipse.core.databinding:
[eclipse.buildScript] 	Unsatisfied import package com.ibm.icu.math_0.0.0.
[eclipse.buildScript] 	Unsatisfied import package com.ibm.icu.text_0.0.0.
[eclipse.buildScript] Bundle org.eclipse.jdt:
[eclipse.buildScript] 	Missing required plug-in org.eclipse.ui.intro_[3.2.0,4.0.0).
[eclipse.buildScript] 	Missing required plug-in org.eclipse.ui.cheatsheets_[3.2.0,4.0.0).
[eclipse.buildScript] Bundle org.eclipse.ui.win32:
[eclipse.buildScript] 	Host plug-in org.eclipse.ui.ide_[3.2.0,4.0.0) has not been found.
[eclipse.buildScript] Bundle org.eclipse.ui.views:
[eclipse.buildScript] 	Missing required plug-in org.eclipse.help_[3.2.0,4.0.0).
[eclipse.buildScript] 	Missing required plug-in org.eclipse.ui_[3.5.0,4.0.0).
[eclipse.buildScript] Bundle org.eclipse.pde.api.tools.ee.javase16:
[eclipse.buildScript] 	Host plug-in org.eclipse.pde.api.tools_1.0.300 has not been found.
[eclipse.buildScript] Bundle org.eclipse.equinox.console.supportability:
[eclipse.buildScript] 	Unsatisfied import package org.apache.felix.service.command_0.6.1.
[eclipse.buildScript] Bundle org.eclipse.equinox.p2.director:
[eclipse.buildScript] 	Missing required plug-in org.sat4j.core_[2.2.0,2.4.0).
[eclipse.buildScript] 	Missing required plug-in org.sat4j.pb_[2.2.0,2.4.0).
[eclipse.buildScript] Bundle org.eclipse.jface.databinding:
[eclipse.buildScript] 	Missing required plug-in org.eclipse.core.databinding_[1.2.0,2.0.0).
[eclipse.buildScript] 	Unsatisfied import package com.ibm.icu.text_0.0.0.
[eclipse.buildScript] Bundle org.eclipse.ui.intro.universal:
[eclipse.buildScript] 	Missing required plug-in org.eclipse.help_[3.5.0,4.0.0).
[eclipse.buildScript] 	Missing required plug-in org.eclipse.ui_[3.6.0,4.0.0).
[eclipse.buildScript] 	Missing required plug-in org.eclipse.ui.intro_[3.4.0,4.0.0).
[eclipse.buildScript] Bundle org.eclipse.core.externaltools:
[eclipse.buildScript] 	Missing required plug-in org.eclipse.debug.core_[3.6.0,4.0.0).
[eclipse.buildScript] Bundle org.eclipse.ui.carbon:
[eclipse.buildScript] 	Host plug-in org.eclipse.ui_[3.2.0,4.0.0) has not been found.
[eclipse.buildScript] Bundle org.eclipse.pde.api.tools.ee.osgiminimum12:
[eclipse.buildScript] 	Host plug-in org.eclipse.pde.api.tools_1.0.300 has not been found.
[eclipse.buildScript] Bundle org.eclipse.equinox.p2.ui.importexport:
[eclipse.buildScript] 	Missing required plug-in org.eclipse.ui_0.0.0.
[eclipse.buildScript] 	Missing required plug-in org.eclipse.equinox.p2.ui_0.0.0.
[eclipse.buildScript] 	Missing required plug-in org.eclipse.equinox.p2.extensionlocation_0.0.0.
[eclipse.buildScript] 	Unsatisfied import package org.eclipse.equinox.internal.p2.ui_0.0.0.
[eclipse.buildScript] 	Unsatisfied import package org.eclipse.equinox.internal.p2.ui.dialogs_0.0.0.
[eclipse.buildScript] 	Unsatisfied import package org.eclipse.equinox.internal.p2.ui.model_0.0.0.
[eclipse.buildScript] 	Unsatisfied import package org.eclipse.equinox.internal.p2.ui.viewers_0.0.0.
[eclipse.buildScript] 	Unsatisfied import package org.eclipse.equinox.internal.provisional.p2.director_0.0.0.
[eclipse.buildScript] 	Unsatisfied import package org.eclipse.equinox.p2.operations_2.0.0.
[eclipse.buildScript] 	Unsatisfied import package org.eclipse.equinox.p2.planner_2.0.0.
[eclipse.buildScript] Bundle org.eclipse.releng.tools:
[eclipse.buildScript] 	Optional plug-in org.eclipse.ui.ide_0.0.0 is not available.
[eclipse.buildScript] 	Optional plug-in org.eclipse.ui.views_0.0.0 is not available.
[eclipse.buildScript] 	Optional plug-in org.eclipse.jface.text_0.0.0 is not available.
[eclipse.buildScript] 	Optional plug-in org.eclipse.ui.workbench.texteditor_0.0.0 is not available.
[eclipse.buildScript] 	Optional plug-in org.eclipse.ui.editors_0.0.0 is not available.
[eclipse.buildScript] 	Missing required plug-in org.eclipse.ui_0.0.0.
[eclipse.buildScript] 	Missing required plug-in org.eclipse.team.cvs.core_0.0.0.
[eclipse.buildScript] 	Missing required plug-in org.eclipse.team.cvs.ui_[3.3.0,4.0.0).
[eclipse.buildScript] 	Missing required plug-in org.eclipse.team.ui_0.0.0.
[eclipse.buildScript] 	Missing required plug-in org.eclipse.compare_0.0.0.
[eclipse.buildScript] 	Missing required plug-in org.eclipse.ui.console_0.0.0.
[eclipse.buildScript] Bundle org.eclipse.ui.workbench:
[eclipse.buildScript] 	Missing required plug-in org.eclipse.help_[3.2.0,4.0.0).
[eclipse.buildScript] 	Missing required plug-in org.eclipse.jface.databinding_[1.3.0,2.0.0).
[eclipse.buildScript] 	Unsatisfied import package com.ibm.icu.text_0.0.0.
[eclipse.buildScript] 	Unsatisfied import package com.ibm.icu.util_0.0.0.
[eclipse.buildScript] Bundle org.eclipse.ui.forms:
[eclipse.buildScript] 	Optional plug-in org.eclipse.ui_[3.6.0,4.0.0) is not available.
[eclipse.buildScript] 	Unsatisfied import package com.ibm.icu.text_0.0.0.
[eclipse.buildScript] Bundle org.eclipse.help.base:
[eclipse.buildScript] 	Missing required plug-in org.apache.lucene_[2.9.0,3.0.0).
[eclipse.buildScript] 	Missing required plug-in org.apache.lucene.analysis_[2.9.0,3.0.0).
[eclipse.buildScript] 	Missing required plug-in org.eclipse.help_[3.5.0,4.0.0).
[eclipse.buildScript] 	Unsatisfied import package com.ibm.icu.text_0.0.0.
[eclipse.buildScript] 	Unsatisfied import package org.eclipse.equinox.http.jetty_0.0.0.
[eclipse.buildScript] Bundle org.eclipse.ui.ide.application:
[eclipse.buildScript] 	Missing required plug-in org.eclipse.ui.ide_[3.6.0,4.0.0).
[eclipse.buildScript] 	Missing required plug-in org.eclipse.ui_[3.6.0,4.0.0).
[eclipse.buildScript] 	Unsatisfied import package com.ibm.icu.text_0.0.0.
[eclipse.buildScript] Bundle org.eclipse.ecf.provider.filetransfer.httpclient:
[eclipse.buildScript] 	Unsatisfied import package org.apache.commons.httpclient_[3.0.1,4.0.0].
[eclipse.buildScript] 	Unsatisfied import package org.apache.commons.httpclient.auth_[3.0.1,4.0.0].
[eclipse.buildScript] 	Unsatisfied import package org.apache.commons.httpclient.methods_[3.0.1,4.0.0].
[eclipse.buildScript] 	Unsatisfied import package org.apache.commons.httpclient.params_[3.0.1,4.0.0].
[eclipse.buildScript] 	Unsatisfied import package org.apache.commons.httpclient.protocol_[3.0.1,4.0.0].
[eclipse.buildScript] 	Unsatisfied import package org.apache.commons.httpclient.util_[3.0.1,4.0.0].
[eclipse.buildScript] Bundle org.eclipse.equinox.servletbridge:
[eclipse.buildScript] 	Unsatisfied import package javax.servlet_2.3.0.
[eclipse.buildScript] 	Unsatisfied import package javax.servlet.http_2.3.0.
[eclipse.buildScript] Bundle org.eclipse.equinox.p2.touchpoint.eclipse:
[eclipse.buildScript] 	Unsatisfied import package org.eclipse.equinox.p2.planner_[2.0.0,3.0.0).
[eclipse.buildScript] Bundle org.eclipse.equinox.p2.installer:
[eclipse.buildScript] 	Missing required plug-in org.eclipse.equinox.p2.director_[2.0.0,3.0.0).
[eclipse.buildScript] Bundle org.eclipse.ant.ui:
[eclipse.buildScript] 	Optional plug-in org.eclipse.ui.ide_[3.2.0,4.0.0) is not available.
[eclipse.buildScript] 	Optional plug-in org.eclipse.ui.views_[3.2.0,4.0.0) is not available.
[eclipse.buildScript] 	Optional plug-in org.eclipse.jface.text_[3.5.0,4.0.0) is not available.
[eclipse.buildScript] 	Optional plug-in org.eclipse.ui.workbench.texteditor_[3.5.0,4.0.0) is not available.
[eclipse.buildScript] 	Optional plug-in org.eclipse.ui.editors_[3.2.0,4.0.0) is not available.
[eclipse.buildScript] 	Missing required plug-in org.eclipse.ui.externaltools_[3.2.0,4.0.0).
[eclipse.buildScript] 	Missing required plug-in org.eclipse.ui_[3.2.0,4.0.0).
[eclipse.buildScript] 	Missing required plug-in org.eclipse.ui.console_[3.1.0,4.0.0).
[eclipse.buildScript] 	Missing required plug-in org.eclipse.debug.core_[3.6.0,4.0.0).
[eclipse.buildScript] 	Missing required plug-in org.eclipse.debug.ui_[3.6.0,4.0.0).
[eclipse.buildScript] 	Missing required plug-in org.eclipse.jdt.ui_[3.2.0,4.0.0).
[eclipse.buildScript] 	Missing required plug-in org.eclipse.jdt.debug.ui_[3.2.0,4.0.0).
[eclipse.buildScript] 	Missing required plug-in org.eclipse.jdt.launching_[3.2.0,4.0.0).
[eclipse.buildScript] 	Missing required plug-in org.eclipse.jdt.core_[3.2.0,4.0.0).
[eclipse.buildScript] 	Missing required plug-in org.eclipse.ltk.core.refactoring_[3.2.0,4.0.0).
[eclipse.buildScript] 	Missing required plug-in org.eclipse.jdt.junit_[3.5.0,4.0.0).
[eclipse.buildScript] 	Missing required plug-in org.eclipse.ant.launching_[1.0.0,2.0.0).
[eclipse.buildScript] 	Missing required plug-in org.eclipse.core.externaltools_[1.0.0,2.0.0).
[eclipse.buildScript] 	Unsatisfied import package com.ibm.icu.text_0.0.0.
[eclipse.buildScript] Bundle org.eclipse.equinox.p2.repository.tools:
[eclipse.buildScript] 	Unsatisfied import package org.eclipse.equinox.internal.p2.director_0.0.0.
[eclipse.buildScript] 	Unsatisfied import package org.eclipse.equinox.internal.provisional.p2.director_0.0.0.
[eclipse.buildScript] 	Unsatisfied import package org.eclipse.equinox.p2.planner_[2.0.0,3.0.0).
[eclipse.buildScript] Bundle org.eclipse.help.webapp:
[eclipse.buildScript] 	Missing required plug-in org.eclipse.help.base_[3.5.0,4.0.0).
[eclipse.buildScript] 	Missing required plug-in org.apache.jasper_5.5.17.
[eclipse.buildScript] 	Missing required plug-in org.eclipse.equinox.jsp.jasper.registry_1.0.100.
[eclipse.buildScript] 	Missing required plug-in org.eclipse.equinox.http.registry_1.0.200.
[eclipse.buildScript] 	Unsatisfied import package com.ibm.icu.text_3.8.0.
[eclipse.buildScript] 	Unsatisfied import package javax.servlet_2.4.0.
[eclipse.buildScript] 	Unsatisfied import package javax.servlet.http_2.4.0.
[eclipse.buildScript] Bundle org.eclipse.equinox.p2.ui.sdk.scheduler:
[eclipse.buildScript] 	Missing required plug-in org.eclipse.ui_0.0.0.
[eclipse.buildScript] 	Missing required plug-in org.eclipse.equinox.p2.updatechecker_0.0.0.
[eclipse.buildScript] 	Missing required plug-in org.eclipse.equinox.p2.ui_0.0.0.
[eclipse.buildScript] 	Unsatisfied import package com.ibm.icu.util_4.0.1.
[eclipse.buildScript] 	Unsatisfied import package org.eclipse.equinox.internal.p2.ui.actions_0.0.0.
[eclipse.buildScript] 	Unsatisfied import package org.eclipse.equinox.internal.p2.ui.query_0.0.0.
[eclipse.buildScript] 	Unsatisfied import package org.eclipse.equinox.internal.provisional.p2.updatechecker_0.0.0.
[eclipse.buildScript] 	Unsatisfied import package org.eclipse.equinox.p2.operations_[2.0.0,3.0.0).
[eclipse.buildScript] 	Unsatisfied import package org.eclipse.equinox.p2.ui_[2.0.0,3.0.0).
[eclipse.buildScript] Bundle org.eclipse.platform.doc.user:
[eclipse.buildScript] 	Missing required plug-in org.eclipse.help_[3.2.0,4.0.0).
[eclipse.buildScript] Bundle org.eclipse.ui:
[eclipse.buildScript] 	Missing required plug-in org.eclipse.ui.workbench_[3.5.0,4.0.0).
[eclipse.buildScript] Bundle org.eclipse.equinox.jmx.server.xmlrpc:
[eclipse.buildScript] 	Unsatisfied import package org.apache.xmlrpc_0.0.0.
[eclipse.buildScript] 	Unsatisfied import package org.apache.xmlrpc.server_0.0.0.
[eclipse.buildScript] 	Unsatisfied import package org.apache.xmlrpc.webserver_0.0.0.
[eclipse.buildScript] 	Unsatisfied import package javax.servlet_[2.4.0,2.5.0).
[eclipse.buildScript] 	Unsatisfied import package javax.servlet.http_[2.4.0,2.5.0).
[eclipse.buildScript] 	Unsatisfied import package org.mortbay.http_[5.1.0,6.0.0).
[eclipse.buildScript] 	Unsatisfied import package org.mortbay.jetty.servlet_[5.1.0,6.0.0).
[eclipse.buildScript] 	Unsatisfied import package org.mortbay.util_[5.1.0,6.0.0).
[eclipse.buildScript] Bundle org.eclipse.jdt.junit4.runtime:
[eclipse.buildScript] 	Missing required plug-in org.junit_4.7.0.
[eclipse.buildScript] Bundle org.eclipse.jface.text:
[eclipse.buildScript] 	Missing required plug-in org.eclipse.text_[3.5.0,4.0.0).
[eclipse.buildScript] 	Unsatisfied import package com.ibm.icu.text_0.0.0.
[eclipse.buildScript] Bundle org.eclipse.equinox.ip:
[eclipse.buildScript] 	Unsatisfied import package javax.servlet_2.1.0.
[eclipse.buildScript] 	Unsatisfied import package javax.servlet.http_2.1.0.
[eclipse.buildScript] Bundle org.eclipse.pde.api.tools.ee.cdcfoundation11:
[eclipse.buildScript] 	Host plug-in org.eclipse.pde.api.tools_1.0.300 has not been found.
[eclipse.buildScript] Bundle org.eclipse.debug.core:
[eclipse.buildScript] 	Unsatisfied import package com.ibm.icu.text_0.0.0.
[eclipse.buildScript] Bundle org.eclipse.team.ui:
[eclipse.buildScript] 	Optional plug-in org.eclipse.ui.ide_[3.3.0,4.0.0) is not available.
[eclipse.buildScript] 	Missing required plug-in org.eclipse.ui_[3.5.0,4.0.0).
[eclipse.buildScript] 	Missing required plug-in org.eclipse.compare_[3.3.0,4.0.0).
[eclipse.buildScript] 	Missing required plug-in org.eclipse.ui.forms_[3.3.0,4.0.0).
[eclipse.buildScript] 	Missing required plug-in org.eclipse.ui.navigator_[3.3.0,4.0.0).
[eclipse.buildScript] 	Missing required plug-in org.eclipse.jface.text_[3.3.0,4.0.0).
[eclipse.buildScript] 	Missing required plug-in org.eclipse.ui.editors_[3.3.0,4.0.0).
[eclipse.buildScript] 	Unsatisfied import package com.ibm.icu.text_0.0.0.
[eclipse.buildScript] 	Unsatisfied import package com.ibm.icu.util_0.0.0.
[eclipse.buildScript] Bundle org.eclipse.equinox.jmx.client.xmlrpc:
[eclipse.buildScript] 	Unsatisfied import package org.apache.xmlrpc_0.0.0.
[eclipse.buildScript] 	Unsatisfied import package org.apache.xmlrpc.client_0.0.0.
[eclipse.buildScript] 	Unsatisfied import package org.eclipse.equinox.jmx.client_0.0.0.
[eclipse.buildScript] 	Unsatisfied import package org.eclipse.equinox.jmx.client.remote_0.0.0.
[eclipse.buildScript] Bundle org.eclipse.pde.api.tools.ee.jre11:
[eclipse.buildScript] 	Host plug-in org.eclipse.pde.api.tools_1.0.300 has not been found.
[eclipse.buildScript] Bundle org.eclipse.pde.ds.ui:
[eclipse.buildScript] 	Missing required plug-in org.eclipse.ui_[3.3.0,4.0.0).
[eclipse.buildScript] 	Missing required plug-in org.eclipse.ui.forms_[3.3.0,4.0.0).
[eclipse.buildScript] 	Missing required plug-in org.eclipse.ui.ide_[3.3.0,4.0.0).
[eclipse.buildScript] 	Missing required plug-in org.eclipse.pde.ds.core_[1.0.0,2.0.0).
[eclipse.buildScript] 	Missing required plug-in org.eclipse.pde.ui_[3.3.0,4.0.0).
[eclipse.buildScript] 	Missing required plug-in org.eclipse.search_[3.3.0,4.0.0).
[eclipse.buildScript] 	Missing required plug-in org.eclipse.text_[3.3.0,4.0.0).
[eclipse.buildScript] 	Missing required plug-in org.eclipse.ui.editors_[3.3.0,4.0.0).
[eclipse.buildScript] 	Missing required plug-in org.eclipse.jface.text_[3.3.0,4.0.0).
[eclipse.buildScript] 	Missing required plug-in org.eclipse.jdt.core_[3.3.0,4.0.0).
[eclipse.buildScript] 	Missing required plug-in org.eclipse.jdt.ui_[3.3.0,4.0.0).
[eclipse.buildScript] Bundle org.eclipse.pde.api.tools.ee.osgiminimum11:
[eclipse.buildScript] 	Host plug-in org.eclipse.pde.api.tools_1.0.300 has not been found.
[eclipse.buildScript] Bundle org.eclipse.equinox.p2.ui:
[eclipse.buildScript] 	Missing required plug-in org.eclipse.ui_3.6.0.
[eclipse.buildScript] 	Missing required plug-in org.eclipse.equinox.security.ui_[1.0.0,2.0.0).
[eclipse.buildScript] 	Unsatisfied import package com.ibm.icu.text_0.0.0.
[eclipse.buildScript] 	Unsatisfied import package org.eclipse.equinox.internal.p2.director_0.0.0.
[eclipse.buildScript] 	Unsatisfied import package org.eclipse.equinox.p2.operations_[2.0.0,3.0.0).
[eclipse.buildScript] 	Unsatisfied import package org.eclipse.equinox.p2.planner_[2.0.0,3.0.0).
[eclipse.buildScript] Bundle org.eclipse.equinox.launcher.gtk.linux.ppc64:
[eclipse.buildScript] 	Host plug-in org.eclipse.equinox.launcher_[1.0.0,1.1.0) has not been found.
[eclipse.buildScript] Bundle org.eclipse.sdk:
[eclipse.buildScript] 	Missing required plug-in org.eclipse.ui_[3.2.0,4.0.0).
[eclipse.buildScript] 	Missing required plug-in org.eclipse.help.ui_[3.2.0,4.0.0).
[eclipse.buildScript] 	Missing required plug-in org.eclipse.help.base_[3.1.0,4.0.0).
[eclipse.buildScript] 	Missing required plug-in org.eclipse.ui.cheatsheets_[3.2.0,4.0.0).
[eclipse.buildScript] 	Missing required plug-in org.eclipse.ui.ide.application_[1.0.0,2.0.0).
[eclipse.buildScript] Bundle org.eclipse.jdt.launching:
[eclipse.buildScript] 	Missing required plug-in org.eclipse.jdt.core_[3.5.0,4.0.0).
[eclipse.buildScript] 	Missing required plug-in org.eclipse.debug.core_[3.5.0,4.0.0).
[eclipse.buildScript] 	Missing required plug-in org.eclipse.jdt.debug_[3.5.0,4.0.0).
[eclipse.buildScript] 	Unsatisfied import package com.ibm.icu.text_0.0.0.
[eclipse.buildScript] Bundle org.eclipse.equinox.p2.reconciler.dropins:
[eclipse.buildScript] 	Missing required plug-in org.eclipse.equinox.p2.touchpoint.eclipse_1.0.0.
[eclipse.buildScript] 	Unsatisfied import package org.eclipse.equinox.internal.p2.director_0.0.0.
[eclipse.buildScript] 	Unsatisfied import package org.eclipse.equinox.internal.p2.extensionlocation_0.0.0.
[eclipse.buildScript] 	Unsatisfied import package org.eclipse.equinox.internal.p2.update_0.0.0.
[eclipse.buildScript] 	Unsatisfied import package org.eclipse.equinox.internal.provisional.p2.directorywatcher_0.0.0.
[eclipse.buildScript] 	Unsatisfied import package org.eclipse.equinox.p2.planner_[2.0.0,3.0.0).
[eclipse.buildScript] Bundle org.eclipse.pde.ui:
[eclipse.buildScript] 	Missing required plug-in org.eclipse.pde.core_[3.6.0,4.0.0).
[eclipse.buildScript] 	Missing required plug-in org.eclipse.ui.ide_[3.2.0,4.0.0).
[eclipse.buildScript] 	Missing required plug-in org.eclipse.ui.views_[3.2.0,4.0.0).
[eclipse.buildScript] 	Missing required plug-in org.eclipse.jface.text_[3.7.0,4.0.0).
[eclipse.buildScript] 	Missing required plug-in org.eclipse.ui.workbench.texteditor_[3.5.0,4.0.0).
[eclipse.buildScript] 	Missing required plug-in org.eclipse.ui.editors_[3.2.0,4.0.0).
[eclipse.buildScript] 	Missing required plug-in org.eclipse.debug.ui_[3.2.0,4.0.0).
[eclipse.buildScript] 	Missing required plug-in org.eclipse.jdt.core_[3.2.0,4.0.0).
[eclipse.buildScript] 	Missing required plug-in org.eclipse.jdt.debug.ui_[3.2.0,4.0.0).
[eclipse.buildScript] 	Missing required plug-in org.eclipse.jdt.launching_[3.2.0,4.0.0).
[eclipse.buildScript] 	Missing required plug-in org.eclipse.jdt.ui_[3.2.0,4.0.0).
[eclipse.buildScript] 	Missing required plug-in org.eclipse.pde.build_[3.2.0,4.0.0).
[eclipse.buildScript] 	Missing required plug-in org.eclipse.search_[3.7.0,4.0.0).
[eclipse.buildScript] 	Missing required plug-in org.eclipse.ui_[3.5.0,4.0.0).
[eclipse.buildScript] 	Missing required plug-in org.eclipse.ui.forms_[3.2.0,4.0.0).
[eclipse.buildScript] 	Missing required plug-in org.eclipse.ant.ui_[3.1.0,4.0.0).
[eclipse.buildScript] 	Missing required plug-in org.eclipse.jdt.junit_[3.2.0,4.0.0).
[eclipse.buildScript] 	Missing required plug-in org.eclipse.ui.intro_[3.2.0,4.0.0).
[eclipse.buildScript] 	Missing required plug-in org.eclipse.ui.cheatsheets_[3.2.0,4.0.0).
[eclipse.buildScript] 	Missing required plug-in org.eclipse.ui.views.log_[1.0.0,2.0.0).
[eclipse.buildScript] 	Missing required plug-in org.eclipse.ltk.core.refactoring_[3.2.0,4.0.0).
[eclipse.buildScript] 	Missing required plug-in org.eclipse.compare_[3.2.0,4.0.0).
[eclipse.buildScript] 	Missing required plug-in org.eclipse.ltk.ui.refactoring_[3.2.0,4.0.0).
[eclipse.buildScript] 	Missing required plug-in org.eclipse.ui.navigator.resources_[3.3.100,4.0.0).
[eclipse.buildScript] 	Missing required plug-in org.eclipse.equinox.p2.ui_[2.0.0,3.0.0).
[eclipse.buildScript] 	Missing required plug-in org.eclipse.equinox.p2.director_[2.0.0,3.0.0).
[eclipse.buildScript] 	Missing required plug-in org.eclipse.equinox.p2.operations_[2.0.0,3.0.0).
[eclipse.buildScript] 	Missing required plug-in org.eclipse.pde.launching_[3.6.0,4.0.0).
[eclipse.buildScript] 	Missing required plug-in org.eclipse.ui.console_[3.5.0,4.0.0).
[eclipse.buildScript] 	Missing required plug-in org.eclipse.equinox.p2.repository.tools_[2.0.100,3.0.0).
[eclipse.buildScript] 	Missing required plug-in org.eclipse.team.ui_[3.6.100,4.0.0).
[eclipse.buildScript] 	Unsatisfied import package com.ibm.icu.text_0.0.0.
[eclipse.buildScript] 	Unsatisfied import package org.eclipse.jdt.debug.core_0.0.0.
[eclipse.buildScript] Bundle org.eclipse.pde.ua.core:
[eclipse.buildScript] 	Missing required plug-in org.eclipse.pde.core_[3.3.0,4.0.0).
[eclipse.buildScript] 	Missing required plug-in org.eclipse.text_[3.3.0,4.0.0).
[eclipse.buildScript] Bundle org.eclipse.jdt.core.manipulation:
[eclipse.buildScript] 	Missing required plug-in org.eclipse.ltk.core.refactoring_[3.5.0,4.0.0).
[eclipse.buildScript] 	Missing required plug-in org.eclipse.jdt.core_[3.5.0,4.0.0).
[eclipse.buildScript] 	Missing required plug-in org.eclipse.text_[3.5.0,4.0.0).
[eclipse.buildScript] 	Unsatisfied import package com.ibm.icu.text_0.0.0.
[eclipse.buildScript] Bundle org.eclipse.pde.ua.ui:
[eclipse.buildScript] 	Missing required plug-in org.eclipse.ui_[3.4.0,4.0.0).
[eclipse.buildScript] 	Missing required plug-in org.eclipse.pde.ui_[3.4.0,4.0.0).
[eclipse.buildScript] 	Missing required plug-in org.eclipse.ui.forms_[3.3.0,4.0.0).
[eclipse.buildScript] 	Missing required plug-in org.eclipse.pde.ua.core_[1.0.0,2.0.0).
[eclipse.buildScript] 	Missing required plug-in org.eclipse.ui.ide_[3.4.0,4.0.0).
[eclipse.buildScript] 	Missing required plug-in org.eclipse.jface.text_[3.4.0,4.0.0).
[eclipse.buildScript] 	Missing required plug-in org.eclipse.jdt.ui_[3.4.0,4.0.0).
[eclipse.buildScript] 	Missing required plug-in org.eclipse.ui.cheatsheets_[3.3.0,4.0.0).
[eclipse.buildScript] 	Missing required plug-in org.eclipse.ui.workbench.texteditor_[3.4.0,4.0.0).
[eclipse.buildScript] 	Missing required plug-in org.eclipse.ui.editors_[3.4.0,4.0.0).
[eclipse.buildScript] 	Missing required plug-in org.eclipse.search_[3.4.0,4.0.0).
[eclipse.buildScript] Bundle org.eclipse.pde.launching:
[eclipse.buildScript] 	Missing required plug-in org.eclipse.jdt.junit.core_[3.6.0,4.0.0).
[eclipse.buildScript] 	Missing required plug-in org.eclipse.jdt.launching_[3.2.0,4.0.0).
[eclipse.buildScript] 	Missing required plug-in org.eclipse.debug.core_[3.2.0,4.0.0).
[eclipse.buildScript] 	Missing required plug-in org.eclipse.jdt.core_[3.2.0,4.0.0).
[eclipse.buildScript] 	Missing required plug-in org.eclipse.pde.build_[3.2.0,4.0.0).
[eclipse.buildScript] 	Missing required plug-in org.eclipse.pde.core_[3.2.0,4.0.0).
[eclipse.buildScript] 	Missing required plug-in org.eclipse.jdt.debug_[3.2.0,4.0.0).
[eclipse.buildScript] Bundle org.eclipse.equinox.jmx.client.rmi:
[eclipse.buildScript] 	Unsatisfied import package org.eclipse.equinox.jmx.client_0.0.0.
[eclipse.buildScript] Bundle org.eclipse.help.ui:
[eclipse.buildScript] 	Missing required plug-in org.eclipse.help.base_[3.5.0,4.0.0).
[eclipse.buildScript] 	Missing required plug-in org.eclipse.ui_[3.6.0,4.0.0).
[eclipse.buildScript] 	Missing required plug-in org.eclipse.ui.forms_[3.5.0,4.0.0).
[eclipse.buildScript] 	Unsatisfied import package com.ibm.icu.text_0.0.0.
[eclipse.buildScript] Bundle org.eclipse.equinox.jmx.client:
[eclipse.buildScript] 	Missing required plug-in org.eclipse.ui_0.0.0.
[eclipse.buildScript] 	Missing required plug-in org.eclipse.ui.forms_0.0.0.
[eclipse.buildScript] Bundle org.eclipse.pde.api.tools.ee.j2se12:
[eclipse.buildScript] 	Host plug-in org.eclipse.pde.api.tools_1.0.300 has not been found.
[eclipse.buildScript] Bundle org.eclipse.equinox.p2.ui.admin:
[eclipse.buildScript] 	Missing required plug-in org.eclipse.ui_0.0.0.
[eclipse.buildScript] 	Unsatisfied import package org.eclipse.equinox.internal.p2.ui_0.0.0.
[eclipse.buildScript] 	Unsatisfied import package org.eclipse.equinox.internal.p2.ui.actions_0.0.0.
[eclipse.buildScript] 	Unsatisfied import package org.eclipse.equinox.internal.p2.ui.dialogs_0.0.0.
[eclipse.buildScript] 	Unsatisfied import package org.eclipse.equinox.internal.p2.ui.model_0.0.0.
[eclipse.buildScript] 	Unsatisfied import package org.eclipse.equinox.internal.p2.ui.query_0.0.0.
[eclipse.buildScript] 	Unsatisfied import package org.eclipse.equinox.internal.p2.ui.viewers_0.0.0.
[eclipse.buildScript] 	Unsatisfied import package org.eclipse.equinox.internal.provisional.p2.director_0.0.0.
[eclipse.buildScript] 	Unsatisfied import package org.eclipse.equinox.internal.provisional.p2.updatechecker_0.0.0.
[eclipse.buildScript] 	Unsatisfied import package org.eclipse.equinox.p2.operations_[2.0.0,3.0.0).
[eclipse.buildScript] 	Unsatisfied import package org.eclipse.equinox.p2.ui_[2.0.0,3.0.0).
[eclipse.buildScript] Bundle org.eclipse.equinox.p2.operations:
[eclipse.buildScript] 	Unsatisfied import package org.eclipse.equinox.internal.p2.director_0.0.0.
[eclipse.buildScript] 	Unsatisfied import package org.eclipse.equinox.internal.provisional.p2.director_0.0.0.
[eclipse.buildScript] 	Unsatisfied import package org.eclipse.equinox.p2.planner_[2.0.0,3.0.0).
[eclipse.buildScript] Bundle org.junit4:
[eclipse.buildScript] 	Missing required plug-in org.hamcrest.core_1.1.0.
[eclipse.buildScript] 	Missing required plug-in org.junit_4.8.1.
[eclipse.buildScript] Bundle org.eclipse.compare.core:
[eclipse.buildScript] 	Unsatisfied import package com.ibm.icu.text_3.6.1.
[eclipse.buildScript] 	Unsatisfied import package com.ibm.icu.util_3.6.1.
[eclipse.buildScript] Bundle org.eclipse.pde.api.tools:
[eclipse.buildScript] 	Missing required plug-in org.eclipse.pde.core_[3.3.102,4.0.0).
[eclipse.buildScript] 	Missing required plug-in org.eclipse.jdt.core_[3.4.0,4.0.0).
[eclipse.buildScript] 	Missing required plug-in org.eclipse.jdt.launching_[3.4.0,4.0.0).
[eclipse.buildScript] 	Missing required plug-in org.eclipse.text_[3.4.0,4.0.0).
[eclipse.buildScript] 	Missing required plug-in org.eclipse.core.filebuffers_[3.4.0,4.0.0).
[eclipse.buildScript] 	Missing required plug-in org.objectweb.asm_[3.2.0,4.0.0).
[eclipse.buildScript] 	Unsatisfied import package com.ibm.icu.text_0.0.0.
[eclipse.buildScript] Bundle org.eclipse.equinox.launcher.gtk.linux.ia64:
[eclipse.buildScript] 	Host plug-in org.eclipse.equinox.launcher_[1.0.0,1.1.0) has not been found.
[eclipse.buildScript] Bundle org.eclipse.equinox.p2.ui.sdk:
[eclipse.buildScript] 	Missing required plug-in org.eclipse.ui_3.6.0.
[eclipse.buildScript] 	Missing required plug-in org.eclipse.equinox.p2.ui_0.0.0.
[eclipse.buildScript] 	Optional plug-in org.eclipse.compare_0.0.0 is not available.
[eclipse.buildScript] 	Unsatisfied import package org.eclipse.equinox.p2.operations_[2.0.0,3.0.0).
[eclipse.buildScript] Bundle org.eclipse.jdt.debug.ui:
[eclipse.buildScript] 	Missing required plug-in org.eclipse.ui.ide_[3.5.0,4.0.0).
[eclipse.buildScript] 	Missing required plug-in org.eclipse.jface.text_[3.5.0,4.0.0).
[eclipse.buildScript] 	Missing required plug-in org.eclipse.ui.workbench.texteditor_[3.5.0,4.0.0).
[eclipse.buildScript] 	Missing required plug-in org.eclipse.ui.editors_[3.5.0,4.0.0).
[eclipse.buildScript] 	Missing required plug-in org.eclipse.ui_[3.5.0,4.0.0).
[eclipse.buildScript] 	Missing required plug-in org.eclipse.core.filebuffers_[3.5.0,4.0.0).
[eclipse.buildScript] 	Missing required plug-in org.eclipse.jdt.core_[3.5.0,4.0.0).
[eclipse.buildScript] 	Missing required plug-in org.eclipse.debug.ui_[3.7.0,4.0.0).
[eclipse.buildScript] 	Missing required plug-in org.eclipse.jdt.debug_[3.5.0,4.0.0).
[eclipse.buildScript] 	Missing required plug-in org.eclipse.jdt.launching_[3.6.0,4.0.0).
[eclipse.buildScript] 	Missing required plug-in org.eclipse.jdt.ui_[3.5.0,4.0.0).
[eclipse.buildScript] 	Missing required plug-in org.eclipse.ltk.core.refactoring_[3.5.0,4.0.0).
[eclipse.buildScript] 	Missing required plug-in org.eclipse.ui.console_[3.4.0,4.0.0).
[eclipse.buildScript] 	Missing required plug-in org.eclipse.jdt.core.manipulation_[1.3.0,2.0.0).
[eclipse.buildScript] 	Missing required plug-in org.eclipse.search_[3.5.0,4.0.0).
[eclipse.buildScript] 	Missing required plug-in com.ibm.icu_0.0.0.
[eclipse.buildScript] 	Missing required plug-in org.eclipse.ui.forms_[3.4.0,4.0.0).
[eclipse.buildScript] Bundle org.eclipse.ltk.ui.refactoring:
[eclipse.buildScript] 	Missing required plug-in org.eclipse.core.filebuffers_[3.5.0,4.0.0).
[eclipse.buildScript] 	Missing required plug-in org.eclipse.ltk.core.refactoring_[3.5.0,4.0.0).
[eclipse.buildScript] 	Missing required plug-in org.eclipse.jface.text_[3.5.0,4.0.0).
[eclipse.buildScript] 	Missing required plug-in org.eclipse.ui_[3.5.0,4.0.0).
[eclipse.buildScript] 	Missing required plug-in org.eclipse.ui.navigator_[3.3.200,4.0.0).
[eclipse.buildScript] 	Missing required plug-in org.eclipse.compare_[3.5.0,4.0.0).
[eclipse.buildScript] 	Missing required plug-in org.eclipse.team.ui_[3.4.100,4.0.0).
[eclipse.buildScript] 	Unsatisfied import package com.ibm.icu.text_0.0.0.
[eclipse.buildScript] Bundle org.eclipse.jdt.apt.pluggable.core:
[eclipse.buildScript] 	Missing required plug-in org.eclipse.jdt.apt.core_0.0.0.
[eclipse.buildScript] 	Missing required plug-in org.eclipse.jdt.core_0.0.0.
[eclipse.buildScript] 	Unsatisfied import package org.eclipse.jdt.internal.compiler.tool_0.0.0.
[eclipse.buildScript] 	Unsatisfied import package org.eclipse.jdt.internal.compiler.apt.dispatch_0.0.0.
[eclipse.buildScript] 	Unsatisfied import package org.eclipse.jdt.internal.compiler.apt.model_0.0.0.
[eclipse.buildScript] 	Unsatisfied import package org.eclipse.jdt.internal.compiler.apt.util_0.0.0.
[eclipse.buildScript] Bundle org.eclipse.jdt.apt.core:
[eclipse.buildScript] 	Missing required plug-in org.eclipse.jdt.core_[3.6.0,4.0.0).
[eclipse.buildScript] Bundle org.eclipse.ui.externaltools:
[eclipse.buildScript] 	Optional plug-in org.eclipse.ui.ide_[3.2.0,4.0.0) is not available.
[eclipse.buildScript] 	Missing required plug-in org.eclipse.ui_[3.2.0,4.0.0).
[eclipse.buildScript] 	Missing required plug-in org.eclipse.debug.core_[3.2.0,4.0.0).
[eclipse.buildScript] 	Missing required plug-in org.eclipse.debug.ui_[3.2.0,4.0.0).
[eclipse.buildScript] 	Missing required plug-in org.eclipse.core.externaltools_[1.0.0,2.0.0).
[eclipse.buildScript] Bundle org.eclipse.ui.presentations.r21:
[eclipse.buildScript] 	Missing required plug-in org.eclipse.ui_[3.2.0,4.0.0).
[eclipse.buildScript] 	Unsatisfied import package com.ibm.icu.text_0.0.0.
[eclipse.buildScript] Bundle org.eclipse.team.cvs.ssh2:
[eclipse.buildScript] 	Missing required plug-in org.eclipse.team.cvs.core_[3.3.0,4.0.0).
[eclipse.buildScript] 	Optional plug-in org.eclipse.team.cvs.ssh_[3.2.0,4.0.0) is not available.
[eclipse.buildScript] 	Missing required plug-in com.jcraft.jsch_[0.1.27,2.0.0).
[eclipse.buildScript] 	Missing required plug-in org.eclipse.jsch.core_[1.1.0,2.0.0).
[eclipse.buildScript] Bundle org.eclipse.pde.ui.templates:
[eclipse.buildScript] 	Missing required plug-in org.eclipse.ui_[3.3.0,4.0.0).
[eclipse.buildScript] 	Missing required plug-in org.eclipse.pde.ui_[3.3.0,4.0.0).
[eclipse.buildScript] Bundle org.eclipse.compare:
[eclipse.buildScript] 	Missing required plug-in org.eclipse.ui_[3.5.0,4.0.0).
[eclipse.buildScript] 	Missing required plug-in org.eclipse.jface.text_[3.3.0,4.0.0).
[eclipse.buildScript] 	Missing required plug-in org.eclipse.ui.ide_[3.3.0,4.0.0).
[eclipse.buildScript] 	Missing required plug-in org.eclipse.ui.views_[3.2.0,4.0.0).
[eclipse.buildScript] 	Missing required plug-in org.eclipse.ui.workbench.texteditor_[3.5.0,4.0.0).
[eclipse.buildScript] 	Missing required plug-in org.eclipse.ui.editors_[3.5.0,4.0.0).
[eclipse.buildScript] 	Missing required plug-in org.eclipse.ui.forms_[3.2.0,4.0.0).
[eclipse.buildScript] 	Missing required plug-in org.eclipse.compare.core_[3.5.0,4.0.0).
[eclipse.buildScript] 	Unsatisfied import package com.ibm.icu.util_0.0.0.
[eclipse.buildScript] 	Unsatisfied import package com.ibm.icu.text_0.0.0.
[eclipse.buildScript] Bundle org.eclipse.equinox.http.jetty:
[eclipse.buildScript] 	Unsatisfied import package javax.servlet_[2.5.0,2.6.0).
[eclipse.buildScript] 	Unsatisfied import package javax.servlet.http_[2.5.0,2.6.0).
[eclipse.buildScript] 	Unsatisfied import package org.eclipse.equinox.http.servlet_1.0.0.
[eclipse.buildScript] 	Unsatisfied import package org.mortbay.component_[6.1.0,7.0.0).
[eclipse.buildScript] 	Unsatisfied import package org.mortbay.jetty_[6.1.0,7.0.0).
[eclipse.buildScript] 	Unsatisfied import package org.mortbay.jetty.bio_[6.1.0,7.0.0).
[eclipse.buildScript] 	Unsatisfied import package org.mortbay.jetty.handler_[6.1.0,7.0.0).
[eclipse.buildScript] 	Unsatisfied import package org.mortbay.jetty.nio_[6.1.0,7.0.0).
[eclipse.buildScript] 	Unsatisfied import package org.mortbay.jetty.security_[6.1.0,7.0.0).
[eclipse.buildScript] 	Unsatisfied import package org.mortbay.jetty.servlet_[6.1.0,7.0.0).
[eclipse.buildScript] 	Unsatisfied import package org.mortbay.log_[6.1.0,7.0.0).
[eclipse.buildScript] Bundle org.eclipse.equinox.launcher.gtk.linux.sparc64:
[eclipse.buildScript] 	Host plug-in org.eclipse.equinox.launcher_[1.0.0,1.1.0) has not been found.
[eclipse.buildScript] Bundle org.eclipse.ui.workbench.compatibility:
[eclipse.buildScript] 	Host plug-in org.eclipse.ui.workbench_[3.0.0,4.0.0) has not been found.
[eclipse.buildScript] Bundle org.eclipse.text:
[eclipse.buildScript] 	Unsatisfied import package com.ibm.icu.text_0.0.0.
[eclipse.buildScript] 	Unsatisfied import package com.ibm.icu.util_0.0.0.
[eclipse.buildScript] Bundle org.eclipse.jsch.ui:
[eclipse.buildScript] 	Missing required plug-in org.eclipse.ui_0.0.0.
[eclipse.buildScript] 	Missing required plug-in org.eclipse.jsch.core_0.0.0.
[eclipse.buildScript] 	Missing required plug-in com.jcraft.jsch_0.0.0.
[eclipse.buildScript] Bundle org.eclipse.pde.runtime:
[eclipse.buildScript] 	Missing required plug-in org.eclipse.ui_[3.3.0,4.0.0).
[eclipse.buildScript] 	Missing required plug-in org.eclipse.ui.forms_[3.3.0,4.0.0).
[eclipse.buildScript] 	Optional plug-in org.eclipse.jdt.core_[3.3.0,4.0.0) is not available.
[eclipse.buildScript] 	Optional plug-in org.eclipse.jdt.ui_[3.3.0,4.0.0) is not available.
[eclipse.buildScript] 	Optional plug-in org.eclipse.pde.ui_[3.3.0,4.0.0) is not available.
[eclipse.buildScript] 	Optional plug-in org.eclipse.help_[3.3.0,4.0.0) is not available.
[eclipse.buildScript] Bundle org.eclipse.pde.ds.core:
[eclipse.buildScript] 	Missing required plug-in org.eclipse.core.filebuffers_[3.3.0,4.0.0).
[eclipse.buildScript] 	Missing required plug-in org.eclipse.pde.core_[3.3.0,4.0.0).
[eclipse.buildScript] 	Missing required plug-in org.eclipse.text_[3.3.0,4.0.0).
[eclipse.buildScript] 	Missing required plug-in org.eclipse.jdt.core_[3.4.0,4.0.0).
[eclipse.buildScript] Bundle org.eclipse.jsch.core:
[eclipse.buildScript] 	Missing required plug-in com.jcraft.jsch_[0.1.28,1.0.0).
[eclipse.buildScript] Bundle org.eclipse.jdt.core:
[eclipse.buildScript] 	Missing required plug-in org.eclipse.text_[3.1.0,4.0.0).
[eclipse.buildScript] Bundle org.eclipse.ui.navigator.resources:
[eclipse.buildScript] 	Missing required plug-in org.eclipse.ui.ide_[3.6.0,4.0.0).
[eclipse.buildScript] 	Missing required plug-in org.eclipse.ui_[3.6.0,4.0.0).
[eclipse.buildScript] 	Missing required plug-in org.eclipse.ui.navigator_[3.5.0,4.0.0).
[eclipse.buildScript] 	Missing required plug-in org.eclipse.ui.views.properties.tabbed_[3.5.0,4.0.0).
[eclipse.buildScript] 	Missing required plug-in org.eclipse.ui.workbench.texteditor_[3.6.0,4.0.0).
[eclipse.buildScript] 	Missing required plug-in org.eclipse.ltk.core.refactoring_[3.5.0,4.0.0).
[eclipse.buildScript] 	Missing required plug-in org.eclipse.ltk.ui.refactoring_[3.5.0,4.0.0).
[eclipse.buildScript] Bundle org.eclipse.jdt.launching.macosx:
[eclipse.buildScript] 	Missing required plug-in org.eclipse.debug.core_[3.5.0,4.0.0).
[eclipse.buildScript] 	Missing required plug-in org.eclipse.jdt.debug_[3.5.0,4.0.0).
[eclipse.buildScript] 	Missing required plug-in org.eclipse.jdt.core_[3.5.0,4.0.0).
[eclipse.buildScript] 	Missing required plug-in org.eclipse.jdt.launching_[3.5.0,4.0.0).
[eclipse.buildScript] Bundle org.eclipse.jdt.debug:
[eclipse.buildScript] 	Missing required plug-in org.eclipse.debug.core_[3.5.0,4.0.0).
[eclipse.buildScript] 	Missing required plug-in org.eclipse.jdt.core_[3.5.0,4.0.0).
[eclipse.buildScript] 	Unsatisfied import package com.ibm.icu.text_0.0.0.
[eclipse.buildScript] Bundle org.eclipse.jdt.compiler.tool:
[eclipse.buildScript] 	Host plug-in org.eclipse.jdt.core_[3.3.0,4.0.0) has not been found.
[eclipse.buildScript] Bundle org.eclipse.equinox.security.ui:
[eclipse.buildScript] 	Missing required plug-in org.eclipse.ui_[3.4.0,4.0.0).
[eclipse.buildScript] Bundle org.eclipse.jdt.compiler.apt:
[eclipse.buildScript] 	Host plug-in org.eclipse.jdt.core_[3.5.0,4.0.0) has not been found.
[eclipse.buildScript] 	Unsatisfied import package org.eclipse.jdt.internal.compiler.tool_0.0.0.
[eclipse.buildScript] Bundle org.eclipse.core.filebuffers:
[eclipse.buildScript] 	Missing required plug-in org.eclipse.text_[3.5.0,4.0.0).
[eclipse.buildScript] 	Unsatisfied import package com.ibm.icu.text_0.0.0.
[eclipse.buildScript] Bundle org.eclipse.equinox.p2.updatechecker:
[eclipse.buildScript] 	Unsatisfied import package org.eclipse.equinox.p2.planner_[2.0.0,3.0.0).
[eclipse.buildScript] Bundle org.junit:
[eclipse.buildScript] 	Missing required plug-in org.hamcrest.core_1.1.0.
[eclipse.buildScript] Bundle org.eclipse.equinox.jsp.jasper:
[eclipse.buildScript] 	Unsatisfied import package javax.servlet_[2.4.0,3.0.0).
[eclipse.buildScript] 	Unsatisfied import package javax.servlet.http_[2.4.0,3.0.0).
[eclipse.buildScript] 	Unsatisfied import package javax.servlet.jsp_[2.0.0,2.1.0).
[eclipse.buildScript] 	Unsatisfied import package org.apache.jasper.servlet_[0.0.0,6.0.0).
[eclipse.buildScript] Bundle org.eclipse.compare.win32:
[eclipse.buildScript] 	Missing required plug-in org.eclipse.compare_[3.5.0,4.0.0).
[eclipse.buildScript] 	Missing required plug-in org.eclipse.ui.forms_[3.4.0,4.0.0).
[eclipse.buildScript] 	Missing required plug-in org.eclipse.ui.workbench_[3.5.0,4.0.0).
[eclipse.buildScript] Bundle org.eclipse.update.scheduler:
[eclipse.buildScript] 	Missing required plug-in org.eclipse.update.ui_[3.1.0,4.0.0).
[eclipse.buildScript] 	Missing required plug-in org.eclipse.ui_[3.2.0,4.0.0).
[eclipse.buildScript] Bundle org.eclipse.equinox.p2.ui.discovery:
[eclipse.buildScript] 	Missing required plug-in org.eclipse.ui_0.0.0.
[eclipse.buildScript] 	Missing required plug-in org.eclipse.ui.browser_0.0.0.
[eclipse.buildScript] 	Missing required plug-in org.eclipse.equinox.p2.ui_2.0.0.
[eclipse.buildScript] 	Missing required plug-in org.eclipse.equinox.p2.operations_[2.0.0,3.0.0).
[eclipse.buildScript] 	Unsatisfied import package com.ibm.icu.text_0.0.0.
[eclipse.buildScript] Bundle org.eclipse.equinox.launcher.gtk.linux.arm:
[eclipse.buildScript] 	Host plug-in org.eclipse.equinox.launcher_[1.0.0,1.1.0) has not been found.
[eclipse.buildScript] Bundle org.eclipse.platform.doc.isv:
[eclipse.buildScript] 	Missing required plug-in org.eclipse.help_[3.2.0,4.0.0).
[eclipse.buildScript] Bundle org.eclipse.jdt.ui:
[eclipse.buildScript] 	Missing required plug-in org.eclipse.help_[3.4.0,4.0.0).
[eclipse.buildScript] 	Missing required plug-in org.eclipse.jdt.core_[3.6.0,4.0.0).
[eclipse.buildScript] 	Missing required plug-in org.eclipse.search_[3.7.0,4.0.0).
[eclipse.buildScript] 	Missing required plug-in org.eclipse.debug.core_[3.5.0,4.0.0).
[eclipse.buildScript] 	Missing required plug-in org.eclipse.debug.ui_[3.5.0,4.0.0).
[eclipse.buildScript] 	Missing required plug-in org.eclipse.jdt.launching_[3.6.0,4.0.0).
[eclipse.buildScript] 	Missing required plug-in org.eclipse.compare_[3.5.0,4.0.0).
[eclipse.buildScript] 	Missing required plug-in org.eclipse.team.ui_[3.4.100,4.0.0).
[eclipse.buildScript] 	Missing required plug-in org.eclipse.jface.text_[3.7.0,4.0.0).
[eclipse.buildScript] 	Missing required plug-in org.eclipse.ui_[3.5.0,4.0.0).
[eclipse.buildScript] 	Missing required plug-in org.eclipse.ui.console_[3.4.0,4.0.0).
[eclipse.buildScript] 	Missing required plug-in org.eclipse.ui.workbench.texteditor_[3.7.0,4.0.0).
[eclipse.buildScript] 	Missing required plug-in org.eclipse.ui.ide_[3.5.0,4.0.0).
[eclipse.buildScript] 	Missing required plug-in org.eclipse.ui.views_[3.3.100,4.0.0).
[eclipse.buildScript] 	Missing required plug-in org.eclipse.ui.editors_[3.5.0,4.0.0).
[eclipse.buildScript] 	Missing required plug-in org.eclipse.ltk.core.refactoring_[3.5.0,4.0.0).
[eclipse.buildScript] 	Missing required plug-in org.eclipse.ltk.ui.refactoring_[3.5.0,4.0.0).
[eclipse.buildScript] 	Missing required plug-in org.eclipse.ui.forms_[3.4.0,4.0.0).
[eclipse.buildScript] 	Missing required plug-in org.eclipse.ui.navigator_[3.3.200,4.0.0).
[eclipse.buildScript] 	Missing required plug-in org.eclipse.ui.navigator.resources_[3.4.0,4.0.0).
[eclipse.buildScript] 	Missing required plug-in org.eclipse.jdt.core.manipulation_[1.4.0,2.0.0).
[eclipse.buildScript] 	Missing required plug-in com.ibm.icu_3.4.4.
[eclipse.buildScript] Bundle org.eclipse.search:
[eclipse.buildScript] 	Missing required plug-in org.eclipse.core.filebuffers_[3.5.0,4.0.0).
[eclipse.buildScript] 	Missing required plug-in org.eclipse.ui_[3.5.0,4.0.0).
[eclipse.buildScript] 	Missing required plug-in org.eclipse.ui.ide_[3.5.0,4.0.0).
[eclipse.buildScript] 	Missing required plug-in org.eclipse.ui.workbench.texteditor_[3.5.0,4.0.0).
[eclipse.buildScript] 	Missing required plug-in org.eclipse.jface.text_[3.5.0,4.0.0).
[eclipse.buildScript] 	Missing required plug-in org.eclipse.ui.forms_[3.4.0,4.0.0).
[eclipse.buildScript] 	Missing required plug-in org.eclipse.ltk.core.refactoring_[3.5.0,4.0.0).
[eclipse.buildScript] 	Missing required plug-in org.eclipse.ltk.ui.refactoring_[3.5.0,4.0.0).
[eclipse.buildScript] 	Unsatisfied import package com.ibm.icu.text_0.0.0.
[eclipse.buildScript] Bundle org.eclipse.equinox.http.servletbridge:
[eclipse.buildScript] 	Unsatisfied import package javax.servlet_2.3.0.
[eclipse.buildScript] 	Unsatisfied import package javax.servlet.http_2.3.0.
[eclipse.buildScript] 	Unsatisfied import package org.eclipse.equinox.http.servlet_1.0.0.
[eclipse.buildScript] 	Unsatisfied import package org.eclipse.equinox.servletbridge_1.0.0.
[eclipse.buildScript] Bundle org.eclipse.ui.cocoa:
[eclipse.buildScript] 	Host plug-in org.eclipse.ui_[3.5.0,4.0.0) has not been found.
[eclipse.buildScript] Bundle org.eclipse.ui.ide:
[eclipse.buildScript] 	Missing required plug-in org.eclipse.help_[3.2.0,4.0.0).
[eclipse.buildScript] 	Missing required plug-in org.eclipse.ui_[3.5.0,4.0.0).
[eclipse.buildScript] 	Missing required plug-in org.eclipse.ui.workbench_[3.7.0,4.0.0).
[eclipse.buildScript] 	Optional plug-in org.eclipse.ui.views_[3.2.0,4.0.0) is not available.
[eclipse.buildScript] 	Missing required plug-in org.eclipse.jface.text_[3.2.0,4.0.0).
[eclipse.buildScript] 	Optional plug-in org.eclipse.ui.forms_[3.3.0,4.0.0) is not available.
[eclipse.buildScript] 	Unsatisfied import package com.ibm.icu.text_0.0.0.
[eclipse.buildScript] Bundle org.eclipse.equinox.p2.console:
[eclipse.buildScript] 	Unsatisfied import package org.eclipse.equinox.internal.provisional.p2.director_0.0.0.
[eclipse.buildScript] 	Unsatisfied import package org.eclipse.equinox.p2.planner_[2.0.0,3.0.0).
[eclipse.buildScript] Bundle org.eclipse.team.cvs.ui:
[eclipse.buildScript] 	Optional plug-in org.eclipse.ui.ide_[3.3.0,4.0.0) is not available.
[eclipse.buildScript] 	Optional plug-in org.eclipse.ui.views_[3.2.0,4.0.0) is not available.
[eclipse.buildScript] 	Optional plug-in org.eclipse.jface.text_[3.4.0,4.0.0) is not available.
[eclipse.buildScript] 	Optional plug-in org.eclipse.ui.workbench.texteditor_[3.3.0,4.0.0) is not available.
[eclipse.buildScript] 	Optional plug-in org.eclipse.ui.editors_[3.3.0,4.0.0) is not available.
[eclipse.buildScript] 	Missing required plug-in org.eclipse.ui_[3.5.0,4.0.0).
[eclipse.buildScript] 	Missing required plug-in org.eclipse.ui.console_[3.2.0,4.0.0).
[eclipse.buildScript] 	Missing required plug-in org.eclipse.team.ui_[3.3.0,4.0.0).
[eclipse.buildScript] 	Missing required plug-in org.eclipse.team.cvs.core_[3.3.0,4.0.0).
[eclipse.buildScript] 	Missing required plug-in org.eclipse.compare_[3.3.0,4.0.0).
[eclipse.buildScript] 	Missing required plug-in org.eclipse.ui.navigator_[3.3.0,4.0.0).
[eclipse.buildScript] 	Unsatisfied import package com.ibm.icu.text_0.0.0.
[eclipse.buildScript] 	Unsatisfied import package com.ibm.icu.util_0.0.0.
[eclipse.buildScript] Bundle org.eclipse.equinox.p2.director.app:
[eclipse.buildScript] 	Unsatisfied import package org.eclipse.equinox.internal.p2.director_0.0.0.
[eclipse.buildScript] 	Unsatisfied import package org.eclipse.equinox.internal.provisional.p2.director_0.0.0.
[eclipse.buildScript] 	Unsatisfied import package org.eclipse.equinox.p2.planner_[2.0.0,3.0.0).
[eclipse.buildScript] Bundle org.eclipse.equinox.p2.directorywatcher:
[eclipse.buildScript] 	Unsatisfied import package org.eclipse.equinox.internal.p2.update_0.0.0.
[eclipse.buildScript] Bundle org.eclipse.equinox.http.servlet:
[eclipse.buildScript] 	Unsatisfied import package javax.servlet_2.3.0.
[eclipse.buildScript] 	Unsatisfied import package javax.servlet.http_2.3.0.
[eclipse.buildScript] Bundle org.eclipse.pde.api.tools.ee.cdcfoundation10:
[eclipse.buildScript] 	Host plug-in org.eclipse.pde.api.tools_1.0.300 has not been found.
[eclipse.buildScript] Bundle org.eclipse.pde.api.tools.ee.j2se13:
[eclipse.buildScript] 	Host plug-in org.eclipse.pde.api.tools_1.0.300 has not been found.
[eclipse.buildScript] Bundle org.eclipse.debug.ui:
[eclipse.buildScript] 	Missing required plug-in org.eclipse.ui_[3.5.0,4.0.0).
[eclipse.buildScript] 	Missing required plug-in org.eclipse.ui.console_[3.4.0,4.0.0).
[eclipse.buildScript] 	Missing required plug-in org.eclipse.help_[3.4.0,4.0.0).
[eclipse.buildScript] 	Missing required plug-in org.eclipse.debug.core_[3.7.0,4.0.0).
[eclipse.buildScript] 	Missing required plug-in org.eclipse.jface.text_[3.5.0,4.0.0).
[eclipse.buildScript] 	Missing required plug-in org.eclipse.ui.workbench.texteditor_[3.5.0,4.0.0).
[eclipse.buildScript] 	Missing required plug-in org.eclipse.ui.ide_[3.5.0,4.0.0).
[eclipse.buildScript] 	Missing required plug-in org.eclipse.ui.editors_[3.5.0,4.0.0).
[eclipse.buildScript] 	Unsatisfied import package com.ibm.icu.text_0.0.0.
[eclipse.buildScript] 	Unsatisfied import package org.eclipse.ui.forms.widgets_0.0.0.
[eclipse.buildScript] Bundle org.eclipse.ui.console:
[eclipse.buildScript] 	Missing required plug-in org.eclipse.ui_[3.5.0,4.0.0).
[eclipse.buildScript] 	Missing required plug-in org.eclipse.jface.text_[3.5.0,4.0.0).
[eclipse.buildScript] 	Missing required plug-in org.eclipse.ui.workbench.texteditor_[3.5.0,4.0.0).
[eclipse.buildScript] 	Unsatisfied import package com.ibm.icu.text_0.0.0.
[eclipse.buildScript] Bundle org.eclipse.equinox.http:
[eclipse.buildScript] 	Unsatisfied import package javax.servlet_0.0.0.
[eclipse.buildScript] 	Unsatisfied import package javax.servlet.http_0.0.0.
[eclipse.buildScript] Bundle org.eclipse.update.ui:
[eclipse.buildScript] 	Missing required plug-in org.eclipse.ui_[3.2.0,4.0.0).
[eclipse.buildScript] 	Missing required plug-in org.eclipse.ui.forms_[3.2.0,4.0.0).
[eclipse.buildScript] Bundle org.eclipse.ui.editors:
[eclipse.buildScript] 	Missing required plug-in org.eclipse.ui.ide_[3.5.0,4.0.0).
[eclipse.buildScript] 	Missing required plug-in org.eclipse.ui_[3.5.0,4.0.0).
[eclipse.buildScript] 	Missing required plug-in org.eclipse.jface.text_[3.7.0,4.0.0).
[eclipse.buildScript] 	Missing required plug-in org.eclipse.ui.workbench.texteditor_[3.7.0,4.0.0).
[eclipse.buildScript] 	Missing required plug-in org.eclipse.core.filebuffers_[3.5.0,4.0.0).
[eclipse.buildScript] 	Unsatisfied import package com.ibm.icu.text_0.0.0.
[eclipse.buildScript] Bundle org.eclipse.equinox.launcher.gtk.linux.alpha:
[eclipse.buildScript] 	Host plug-in org.eclipse.equinox.launcher_[1.0.0,1.1.0) has not been found.
[eclipse.buildScript] Bundle org.eclipse.ui.browser:
[eclipse.buildScript] 	Missing required plug-in org.eclipse.ui_[3.6.0,4.0.0).
[eclipse.buildScript] 	Unsatisfied import package com.ibm.icu.text_0.0.0.
[eclipse.buildScript] Bundle org.eclipse.jdt.junit:
[eclipse.buildScript] 	Missing required plug-in org.eclipse.ui.ide_[3.5.0,4.0.0).
[eclipse.buildScript] 	Missing required plug-in org.eclipse.ui.views_[3.3.100,4.0.0).
[eclipse.buildScript] 	Missing required plug-in org.eclipse.jface.text_[3.5.0,4.0.0).
[eclipse.buildScript] 	Missing required plug-in org.eclipse.ui.workbench.texteditor_[3.5.0,4.0.0).
[eclipse.buildScript] 	Missing required plug-in org.eclipse.ui.editors_[3.5.0,4.0.0).
[eclipse.buildScript] 	Missing required plug-in org.eclipse.ui_[3.5.0,4.0.0).
[eclipse.buildScript] 	Missing required plug-in org.eclipse.debug.core_[3.5.0,4.0.0).
[eclipse.buildScript] 	Missing required plug-in org.eclipse.debug.ui_[3.5.0,4.0.0).
[eclipse.buildScript] 	Missing required plug-in org.eclipse.jdt.core_[3.5.0,4.0.0).
[eclipse.buildScript] 	Missing required plug-in org.eclipse.jdt.ui_[3.5.0,4.0.0).
[eclipse.buildScript] 	Missing required plug-in org.eclipse.jdt.launching_[3.5.0,4.0.0).
[eclipse.buildScript] 	Missing required plug-in org.eclipse.jdt.debug.ui_[3.3.0,4.0.0).
[eclipse.buildScript] 	Missing required plug-in org.eclipse.compare_[3.5.0,4.0.0).
[eclipse.buildScript] 	Missing required plug-in org.eclipse.ltk.core.refactoring_[3.5.0,4.0.0).
[eclipse.buildScript] 	Missing required plug-in org.eclipse.ltk.ui.refactoring_[3.5.0,4.0.0).
[eclipse.buildScript] 	Missing required plug-in org.eclipse.jdt.junit.core_[3.6.0,4.0.0).
[eclipse.buildScript] 	Unsatisfied import package com.ibm.icu.text_0.0.0.
[eclipse.buildScript] Bundle org.eclipse.ui.intro:
[eclipse.buildScript] 	Missing required plug-in org.eclipse.help_[3.5.0,4.0.0).
[eclipse.buildScript] 	Optional plug-in org.eclipse.help.base_[3.5.0,4.0.0) is not available.
[eclipse.buildScript] 	Missing required plug-in org.eclipse.ui_[3.6.0,4.0.0).
[eclipse.buildScript] 	Missing required plug-in org.eclipse.ui.forms_[3.5.0,4.0.0).
[eclipse.buildScript] Bundle org.eclipse.equinox.launcher.gtk.linux.sparc:
[eclipse.buildScript] 	Host plug-in org.eclipse.equinox.launcher_[1.0.0,1.1.0) has not been found.
[eclipse.buildScript] Bundle org.eclipse.team.cvs.core:
[eclipse.buildScript] 	Missing required plug-in com.jcraft.jsch_[0.1.27,2.0.0).
[eclipse.buildScript] 	Missing required plug-in org.eclipse.jsch.core_[1.0.0,2.0.0).
[eclipse.buildScript] 	Unsatisfied import package com.ibm.icu.text_0.0.0.
[eclipse.buildScript] 	Unsatisfied import package com.ibm.icu.util_0.0.0.
[eclipse.buildScript] Bundle org.eclipse.equinox.p2.extensionlocation:
[eclipse.buildScript] 	Unsatisfied import package org.eclipse.equinox.internal.p2.touchpoint.eclipse_0.0.0.
[eclipse.buildScript] 	Unsatisfied import package org.eclipse.equinox.internal.p2.update_0.0.0.
[eclipse.buildScript] 	Unsatisfied import package org.eclipse.equinox.internal.provisional.p2.directorywatcher_0.0.0.

BUILD FAILED
/home/zx/eclipse/org.eclipse.linuxtools.eclipse-build/eclipse-build/pdebuild.xml:132: The following error occurred while executing this line:
/home/zx/eclipse/org.eclipse.linuxtools.eclipse-build/eclipse-build/pdebuild.xml:19: Unable to find element: org.eclipse.ecf.provider.filetransfer.httpclient.
	at org.eclipse.pde.internal.build.tasks.BuildScriptGeneratorTask.execute(BuildScriptGeneratorTask.java:94)
	at org.apache.tools.ant.UnknownElement.execute(UnknownElement.java:291)
	at sun.reflect.GeneratedMethodAccessor8.invoke(Unknown Source)
	at sun.reflect.DelegatingMethodAccessorImpl.invoke(DelegatingMethodAccessorImpl.java:43)
	at java.lang.reflect.Method.invoke(Method.java:616)
	at org.apache.tools.ant.dispatch.DispatchUtils.execute(DispatchUtils.java:106)
	at org.apache.tools.ant.Task.perform(Task.java:348)
	at org.apache.tools.ant.taskdefs.Sequential.execute(Sequential.java:68)
	at org.apache.tools.ant.UnknownElement.execute(UnknownElement.java:291)
	at sun.reflect.GeneratedMethodAccessor8.invoke(Unknown Source)
	at sun.reflect.DelegatingMethodAccessorImpl.invoke(DelegatingMethodAccessorImpl.java:43)
	at java.lang.reflect.Method.invoke(Method.java:616)
	at org.apache.tools.ant.dispatch.DispatchUtils.execute(DispatchUtils.java:106)
	at org.apache.tools.ant.Task.perform(Task.java:348)
	at org.apache.tools.ant.taskdefs.MacroInstance.execute(MacroInstance.java:398)
	at org.apache.tools.ant.UnknownElement.execute(UnknownElement.java:291)
	at sun.reflect.GeneratedMethodAccessor8.invoke(Unknown Source)
	at sun.reflect.DelegatingMethodAccessorImpl.invoke(DelegatingMethodAccessorImpl.java:43)
	at java.lang.reflect.Method.invoke(Method.java:616)
	at org.apache.tools.ant.dispatch.DispatchUtils.execute(DispatchUtils.java:106)
	at org.apache.tools.ant.Task.perform(Task.java:348)
	at org.apache.tools.ant.Target.execute(Target.java:390)
	at org.apache.tools.ant.Target.performTasks(Target.java:411)
	at org.apache.tools.ant.Project.executeSortedTargets(Project.java:1399)
	at org.apache.tools.ant.Project.executeTarget(Project.java:1368)
	at org.apache.tools.ant.helper.DefaultExecutor.executeTargets(DefaultExecutor.java:41)
	at org.eclipse.ant.internal.core.ant.EclipseDefaultExecutor.executeTargets(EclipseDefaultExecutor.java:32)
	at org.apache.tools.ant.Project.executeTargets(Project.java:1251)
	at org.eclipse.ant.internal.core.ant.InternalAntRunner.run(InternalAntRunner.java:663)
	at org.eclipse.ant.internal.core.ant.InternalAntRunner.run(InternalAntRunner.java:535)
	at sun.reflect.NativeMethodAccessorImpl.invoke0(Native Method)
	at sun.reflect.NativeMethodAccessorImpl.invoke(NativeMethodAccessorImpl.java:57)
	at sun.reflect.DelegatingMethodAccessorImpl.invoke(DelegatingMethodAccessorImpl.java:43)
	at java.lang.reflect.Method.invoke(Method.java:616)
	at org.eclipse.ant.core.AntRunner.run(AntRunner.java:513)
	at org.eclipse.ant.core.AntRunner.start(AntRunner.java:600)
	at org.eclipse.equinox.internal.app.EclipseAppHandle.run(EclipseAppHandle.java:196)
	at org.eclipse.core.runtime.internal.adaptor.EclipseAppLauncher.runApplication(EclipseAppLauncher.java:110)
	at org.eclipse.core.runtime.internal.adaptor.EclipseAppLauncher.start(EclipseAppLauncher.java:79)
	at org.eclipse.core.runtime.adaptor.EclipseStarter.run(EclipseStarter.java:344)
	at org.eclipse.core.runtime.adaptor.EclipseStarter.run(EclipseStarter.java:179)
	at sun.reflect.NativeMethodAccessorImpl.invoke0(Native Method)
	at sun.reflect.NativeMethodAccessorImpl.invoke(NativeMethodAccessorImpl.java:57)
	at sun.reflect.DelegatingMethodAccessorImpl.invoke(DelegatingMethodAccessorImpl.java:43)
	at java.lang.reflect.Method.invoke(Method.java:616)
	at org.eclipse.equinox.launcher.Main.invokeFramework(Main.java:622)
	at org.eclipse.equinox.launcher.Main.basicRun(Main.java:577)
	at org.eclipse.equinox.launcher.Main.run(Main.java:1410)
	at org.eclipse.equinox.launcher.Main.main(Main.java:1386)

Total time: 2 seconds

!ENTRY org.eclipse.osgi 2 0 2011-05-08 15:05:50.523
!MESSAGE One or more bundles are not resolved because the following root constraints are not resolved:
!SUBENTRY 1 org.eclipse.osgi 2 0 2011-05-08 15:05:50.523
!MESSAGE Bundle update@plugins/org.eclipse.compare_3.5.200.I20110419-0800.jar was not resolved.
!SUBENTRY 2 org.eclipse.compare 2 0 2011-05-08 15:05:50.523
!MESSAGE Missing required bundle org.eclipse.ui.views_[3.2.0,4.0.0).
!SUBENTRY 2 org.eclipse.compare 2 0 2011-05-08 15:05:50.523
!MESSAGE Missing required bundle org.eclipse.ui.editors_[3.5.0,4.0.0).
!SUBENTRY 1 org.eclipse.osgi 2 0 2011-05-08 15:05:50.524
!MESSAGE Bundle update@plugins/org.eclipse.pde.api.tools.ee.j2se12_1.0.0.200901281111/ was not resolved.
!SUBENTRY 2 org.eclipse.pde.api.tools.ee.j2se12 2 0 2011-05-08 15:05:50.524
!MESSAGE Missing host org.eclipse.pde.api.tools_1.0.100.
!SUBENTRY 1 org.eclipse.osgi 2 0 2011-05-08 15:05:50.524
!MESSAGE Bundle update@plugins/org.eclipse.pde.api.tools.ee.javase16_1.0.0.200901281111/ was not resolved.
!SUBENTRY 2 org.eclipse.pde.api.tools.ee.javase16 2 0 2011-05-08 15:05:50.524
!MESSAGE Missing host org.eclipse.pde.api.tools_1.0.100.
!SUBENTRY 1 org.eclipse.osgi 2 0 2011-05-08 15:05:50.525
!MESSAGE Bundle update@plugins/org.eclipse.pde.api.tools.ee.osgiminimum11_1.0.0.200901281111/ was not resolved.
!SUBENTRY 2 org.eclipse.pde.api.tools.ee.osgiminimum11 2 0 2011-05-08 15:05:50.525
!MESSAGE Missing host org.eclipse.pde.api.tools_1.0.100.
!SUBENTRY 1 org.eclipse.osgi 2 0 2011-05-08 15:05:50.525
!MESSAGE Bundle update@plugins/org.eclipse.pde.api.tools.ee.jre11_1.0.0.200901281111/ was not resolved.
!SUBENTRY 2 org.eclipse.pde.api.tools.ee.jre11 2 0 2011-05-08 15:05:50.525
!MESSAGE Missing host org.eclipse.pde.api.tools_1.0.100.
!SUBENTRY 1 org.eclipse.osgi 2 0 2011-05-08 15:05:50.525
!MESSAGE Bundle update@plugins/org.eclipse.pde.api.tools.ee.j2se15_1.0.0.200901281111/ was not resolved.
!SUBENTRY 2 org.eclipse.pde.api.tools.ee.j2se15 2 0 2011-05-08 15:05:50.526
!MESSAGE Missing host org.eclipse.pde.api.tools_1.0.100.
!SUBENTRY 1 org.eclipse.osgi 2 0 2011-05-08 15:05:50.526
!MESSAGE Bundle update@plugins/org.eclipse.pde.api.tools.ee.cdcfoundation10_1.0.0.200901281111/ was not resolved.
!SUBENTRY 2 org.eclipse.pde.api.tools.ee.cdcfoundation10 2 0 2011-05-08 15:05:50.526
!MESSAGE Missing host org.eclipse.pde.api.tools_1.0.100.
!SUBENTRY 1 org.eclipse.osgi 2 0 2011-05-08 15:05:50.526
!MESSAGE Bundle update@plugins/org.eclipse.pde.api.tools.ee.cdcfoundation11_1.0.0.200901281111/ was not resolved.
!SUBENTRY 2 org.eclipse.pde.api.tools.ee.cdcfoundation11 2 0 2011-05-08 15:05:50.526
!MESSAGE Missing host org.eclipse.pde.api.tools_1.0.100.
!SUBENTRY 1 org.eclipse.osgi 2 0 2011-05-08 15:05:50.527
!MESSAGE Bundle update@plugins/org.junit_4.8.2.v4_8_2_v20110321-1705/ was not resolved.
!SUBENTRY 2 org.junit 2 0 2011-05-08 15:05:50.527
!MESSAGE Missing required bundle org.hamcrest.core_1.1.0.
!SUBENTRY 1 org.eclipse.osgi 2 0 2011-05-08 15:05:50.527
!MESSAGE Bundle update@plugins/org.eclipse.pde.api.tools.ee.osgiminimum10_1.0.0.200901281111/ was not resolved.
!SUBENTRY 2 org.eclipse.pde.api.tools.ee.osgiminimum10 2 0 2011-05-08 15:05:50.527
!MESSAGE Missing host org.eclipse.pde.api.tools_1.0.100.
!SUBENTRY 1 org.eclipse.osgi 2 0 2011-05-08 15:05:50.528
!MESSAGE Bundle update@plugins/org.eclipse.pde.api.tools.ee.j2se14_1.0.0.200901281111/ was not resolved.
!SUBENTRY 2 org.eclipse.pde.api.tools.ee.j2se14 2 0 2011-05-08 15:05:50.528
!MESSAGE Missing host org.eclipse.pde.api.tools_1.0.100.
!SUBENTRY 1 org.eclipse.osgi 2 0 2011-05-08 15:05:50.528
!MESSAGE Bundle update@plugins/org.eclipse.pde.api.tools.ee.j2se13_1.0.0.200901281111/ was not resolved.
!SUBENTRY 2 org.eclipse.pde.api.tools.ee.j2se13 2 0 2011-05-08 15:05:50.528
!MESSAGE Missing host org.eclipse.pde.api.tools_1.0.100.
!SUBENTRY 1 org.eclipse.osgi 2 0 2011-05-08 15:05:50.528
!MESSAGE Bundle update@plugins/org.eclipse.pde.api.tools.ee.osgiminimum12_1.0.1.200904031014/ was not resolved.
!SUBENTRY 2 org.eclipse.pde.api.tools.ee.osgiminimum12 2 0 2011-05-08 15:05:50.528
!MESSAGE Missing host org.eclipse.pde.api.tools_1.0.100.

!ENTRY org.eclipse.osgi 2 0 2011-05-08 15:05:50.533
!MESSAGE The following is a complete list of bundles which are not resolved, see the prior log entry for the root cause if it exists:
!SUBENTRY 1 org.eclipse.osgi 2 0 2011-05-08 15:05:50.533
!MESSAGE Bundle org.eclipse.pde.api.tools.ee.j2se15_1.0.0.200901281111 [14] was not resolved.
!SUBENTRY 2 org.eclipse.pde.api.tools.ee.j2se15 2 0 2011-05-08 15:05:50.534
!MESSAGE Missing host org.eclipse.pde.api.tools_1.0.100.
!SUBENTRY 1 org.eclipse.osgi 2 0 2011-05-08 15:05:50.534
!MESSAGE Bundle org.eclipse.pde.api.tools.ee.j2se13_1.0.0.200901281111 [20] was not resolved.
!SUBENTRY 2 org.eclipse.pde.api.tools.ee.j2se13 2 0 2011-05-08 15:05:50.534
!MESSAGE Missing host org.eclipse.pde.api.tools_1.0.100.
!SUBENTRY 1 org.eclipse.osgi 2 0 2011-05-08 15:05:50.534
!MESSAGE Bundle org.eclipse.equinox.launcher.win32.win32.x86_1.1.100.v20110321 [23] was not resolved.
!SUBENTRY 1 org.eclipse.osgi 2 0 2011-05-08 15:05:50.534
!MESSAGE Bundle org.eclipse.pde.api.tools.ee.cdcfoundation11_1.0.0.200901281111 [35] was not resolved.
!SUBENTRY 2 org.eclipse.pde.api.tools.ee.cdcfoundation11 2 0 2011-05-08 15:05:50.535
!MESSAGE Missing host org.eclipse.pde.api.tools_1.0.100.
!SUBENTRY 1 org.eclipse.osgi 2 0 2011-05-08 15:05:50.535
!MESSAGE Bundle org.eclipse.pde.api.tools.ee.j2se14_1.0.0.200901281111 [37] was not resolved.
!SUBENTRY 2 org.eclipse.pde.api.tools.ee.j2se14 2 0 2011-05-08 15:05:50.535
!MESSAGE Missing host org.eclipse.pde.api.tools_1.0.100.
!SUBENTRY 1 org.eclipse.osgi 2 0 2011-05-08 15:05:50.535
!MESSAGE Bundle org.eclipse.pde.api.tools.ee.cdcfoundation10_1.0.0.200901281111 [60] was not resolved.
!SUBENTRY 2 org.eclipse.pde.api.tools.ee.cdcfoundation10 2 0 2011-05-08 15:05:50.535
!MESSAGE Missing host org.eclipse.pde.api.tools_1.0.100.
!SUBENTRY 1 org.eclipse.osgi 2 0 2011-05-08 15:05:50.535
!MESSAGE Bundle org.eclipse.compare_3.5.200.I20110419-0800 [67] was not resolved.
!SUBENTRY 2 org.eclipse.compare 2 0 2011-05-08 15:05:50.536
!MESSAGE Missing required bundle org.eclipse.ui.views_[3.2.0,4.0.0).
!SUBENTRY 2 org.eclipse.compare 2 0 2011-05-08 15:05:50.536
!MESSAGE Missing required bundle org.eclipse.ui.editors_[3.5.0,4.0.0).
!SUBENTRY 1 org.eclipse.osgi 2 0 2011-05-08 15:05:50.536
!MESSAGE Bundle org.junit_4.8.2.v4_8_2_v20110321-1705 [98] was not resolved.
!SUBENTRY 2 org.junit 2 0 2011-05-08 15:05:50.536
!MESSAGE Missing required bundle org.hamcrest.core_1.1.0.
!SUBENTRY 1 org.eclipse.osgi 2 0 2011-05-08 15:05:50.536
!MESSAGE Bundle org.eclipse.swt.win32.win32.x86_3.7.0.v3730b [112] was not resolved.
!SUBENTRY 1 org.eclipse.osgi 2 0 2011-05-08 15:05:50.537
!MESSAGE Bundle org.eclipse.pde.api.tools.ee.osgiminimum12_1.0.1.200904031014 [115] was not resolved.
!SUBENTRY 2 org.eclipse.pde.api.tools.ee.osgiminimum12 2 0 2011-05-08 15:05:50.537
!MESSAGE Missing host org.eclipse.pde.api.tools_1.0.100.
!SUBENTRY 1 org.eclipse.osgi 2 0 2011-05-08 15:05:50.537
!MESSAGE Bundle org.eclipse.pde.api.tools.ee.osgiminimum10_1.0.0.200901281111 [116] was not resolved.
!SUBENTRY 2 org.eclipse.pde.api.tools.ee.osgiminimum10 2 0 2011-05-08 15:05:50.537
!MESSAGE Missing host org.eclipse.pde.api.tools_1.0.100.
!SUBENTRY 1 org.eclipse.osgi 2 0 2011-05-08 15:05:50.537
!MESSAGE Bundle org.eclipse.pde.api.tools.ee.jre11_1.0.0.200901281111 [118] was not resolved.
!SUBENTRY 2 org.eclipse.pde.api.tools.ee.jre11 2 0 2011-05-08 15:05:50.538
!MESSAGE Missing host org.eclipse.pde.api.tools_1.0.100.
!SUBENTRY 1 org.eclipse.osgi 2 0 2011-05-08 15:05:50.538
!MESSAGE Bundle org.eclipse.pde.api.tools.ee.javase16_1.0.0.200901281111 [133] was not resolved.
!SUBENTRY 2 org.eclipse.pde.api.tools.ee.javase16 2 0 2011-05-08 15:05:50.538
!MESSAGE Missing host org.eclipse.pde.api.tools_1.0.100.
!SUBENTRY 1 org.eclipse.osgi 2 0 2011-05-08 15:05:50.538
!MESSAGE Bundle org.eclipse.pde.api.tools.ee.osgiminimum11_1.0.0.200901281111 [135] was not resolved.
!SUBENTRY 2 org.eclipse.pde.api.tools.ee.osgiminimum11 2 0 2011-05-08 15:05:50.538
!MESSAGE Missing host org.eclipse.pde.api.tools_1.0.100.
!SUBENTRY 1 org.eclipse.osgi 2 0 2011-05-08 15:05:50.538
!MESSAGE Bundle org.eclipse.pde.api.tools.ee.j2se12_1.0.0.200901281111 [137] was not resolved.
!SUBENTRY 2 org.eclipse.pde.api.tools.ee.j2se12 2 0 2011-05-08 15:05:50.539
!MESSAGE Missing host org.eclipse.pde.api.tools_1.0.100.

!ENTRY org.eclipse.osgi 4 0 2011-05-08 15:05:50.539
!MESSAGE Application error
!STACK 1
java.lang.reflect.InvocationTargetException
	at sun.reflect.NativeMethodAccessorImpl.invoke0(Native Method)
	at sun.reflect.NativeMethodAccessorImpl.invoke(NativeMethodAccessorImpl.java:57)
	at sun.reflect.DelegatingMethodAccessorImpl.invoke(DelegatingMethodAccessorImpl.java:43)
	at java.lang.reflect.Method.invoke(Method.java:616)
	at org.eclipse.ant.core.AntRunner.run(AntRunner.java:513)
	at org.eclipse.ant.core.AntRunner.start(AntRunner.java:600)
	at org.eclipse.equinox.internal.app.EclipseAppHandle.run(EclipseAppHandle.java:196)
	at org.eclipse.core.runtime.internal.adaptor.EclipseAppLauncher.runApplication(EclipseAppLauncher.java:110)
	at org.eclipse.core.runtime.internal.adaptor.EclipseAppLauncher.start(EclipseAppLauncher.java:79)
	at org.eclipse.core.runtime.adaptor.EclipseStarter.run(EclipseStarter.java:344)
	at org.eclipse.core.runtime.adaptor.EclipseStarter.run(EclipseStarter.java:179)
	at sun.reflect.NativeMethodAccessorImpl.invoke0(Native Method)
	at sun.reflect.NativeMethodAccessorImpl.invoke(NativeMethodAccessorImpl.java:57)
	at sun.reflect.DelegatingMethodAccessorImpl.invoke(DelegatingMethodAccessorImpl.java:43)
	at java.lang.reflect.Method.invoke(Method.java:616)
	at org.eclipse.equinox.launcher.Main.invokeFramework(Main.java:622)
	at org.eclipse.equinox.launcher.Main.basicRun(Main.java:577)
	at org.eclipse.equinox.launcher.Main.run(Main.java:1410)
	at org.eclipse.equinox.launcher.Main.main(Main.java:1386)
Caused by: /home/zx/eclipse/org.eclipse.linuxtools.eclipse-build/eclipse-build/pdebuild.xml:132: The following error occurred while executing this line:
/home/zx/eclipse/org.eclipse.linuxtools.eclipse-build/eclipse-build/pdebuild.xml:19: Unable to find element: org.eclipse.ecf.provider.filetransfer.httpclient.
	at org.apache.tools.ant.ProjectHelper.addLocationToBuildException(ProjectHelper.java:551)
	at org.apache.tools.ant.taskdefs.MacroInstance.execute(MacroInstance.java:401)
	at org.apache.tools.ant.UnknownElement.execute(UnknownElement.java:291)
	at sun.reflect.GeneratedMethodAccessor8.invoke(Unknown Source)
	at sun.reflect.DelegatingMethodAccessorImpl.invoke(DelegatingMethodAccessorImpl.java:43)
	at java.lang.reflect.Method.invoke(Method.java:616)
	at org.apache.tools.ant.dispatch.DispatchUtils.execute(DispatchUtils.java:106)
	at org.apache.tools.ant.Task.perform(Task.java:348)
	at org.apache.tools.ant.Target.execute(Target.java:390)
	at org.apache.tools.ant.Target.performTasks(Target.java:411)
	at org.apache.tools.ant.Project.executeSortedTargets(Project.java:1399)
	at org.apache.tools.ant.Project.executeTarget(Project.java:1368)
	at org.apache.tools.ant.helper.DefaultExecutor.executeTargets(DefaultExecutor.java:41)
	at org.eclipse.ant.internal.core.ant.EclipseDefaultExecutor.executeTargets(EclipseDefaultExecutor.java:32)
	at org.apache.tools.ant.Project.executeTargets(Project.java:1251)
	at org.eclipse.ant.internal.core.ant.InternalAntRunner.run(InternalAntRunner.java:663)
	at org.eclipse.ant.internal.core.ant.InternalAntRunner.run(InternalAntRunner.java:535)
	... 19 more
Caused by: /home/zx/eclipse/org.eclipse.linuxtools.eclipse-build/eclipse-build/pdebuild.xml:19: Unable to find element: org.eclipse.ecf.provider.filetransfer.httpclient.
	at org.eclipse.pde.internal.build.tasks.BuildScriptGeneratorTask.execute(BuildScriptGeneratorTask.java:94)
	at org.apache.tools.ant.UnknownElement.execute(UnknownElement.java:291)
	at sun.reflect.GeneratedMethodAccessor8.invoke(Unknown Source)
	at sun.reflect.DelegatingMethodAccessorImpl.invoke(DelegatingMethodAccessorImpl.java:43)
	at java.lang.reflect.Method.invoke(Method.java:616)
	at org.apache.tools.ant.dispatch.DispatchUtils.execute(DispatchUtils.java:106)
	at org.apache.tools.ant.Task.perform(Task.java:348)
	at org.apache.tools.ant.taskdefs.Sequential.execute(Sequential.java:68)
	at org.apache.tools.ant.UnknownElement.execute(UnknownElement.java:291)
	at sun.reflect.GeneratedMethodAccessor8.invoke(Unknown Source)
	at sun.reflect.DelegatingMethodAccessorImpl.invoke(DelegatingMethodAccessorImpl.java:43)
	at java.lang.reflect.Method.invoke(Method.java:616)
	at org.apache.tools.ant.dispatch.DispatchUtils.execute(DispatchUtils.java:106)
	at org.apache.tools.ant.Task.perform(Task.java:348)
	at org.apache.tools.ant.taskdefs.MacroInstance.execute(MacroInstance.java:398)
	... 34 more
Root exception:
/home/zx/eclipse/org.eclipse.linuxtools.eclipse-build/eclipse-build/pdebuild.xml:132: The following error occurred while executing this line:
/home/zx/eclipse/org.eclipse.linuxtools.eclipse-build/eclipse-build/pdebuild.xml:19: Unable to find element: org.eclipse.ecf.provider.filetransfer.httpclient.
	at org.apache.tools.ant.ProjectHelper.addLocationToBuildException(ProjectHelper.java:551)
	at org.apache.tools.ant.taskdefs.MacroInstance.execute(MacroInstance.java:401)
	at org.apache.tools.ant.UnknownElement.execute(UnknownElement.java:291)
	at sun.reflect.GeneratedMethodAccessor8.invoke(Unknown Source)
	at sun.reflect.DelegatingMethodAccessorImpl.invoke(DelegatingMethodAccessorImpl.java:43)
	at java.lang.reflect.Method.invoke(Method.java:616)
	at org.apache.tools.ant.dispatch.DispatchUtils.execute(DispatchUtils.java:106)
	at org.apache.tools.ant.Task.perform(Task.java:348)
	at org.apache.tools.ant.Target.execute(Target.java:390)
	at org.apache.tools.ant.Target.performTasks(Target.java:411)
	at org.apache.tools.ant.Project.executeSortedTargets(Project.java:1399)
	at org.apache.tools.ant.Project.executeTarget(Project.java:1368)
	at org.apache.tools.ant.helper.DefaultExecutor.executeTargets(DefaultExecutor.java:41)
	at org.eclipse.ant.internal.core.ant.EclipseDefaultExecutor.executeTargets(EclipseDefaultExecutor.java:32)
	at org.apache.tools.ant.Project.executeTargets(Project.java:1251)
	at org.eclipse.ant.internal.core.ant.InternalAntRunner.run(InternalAntRunner.java:663)
	at org.eclipse.ant.internal.core.ant.InternalAntRunner.run(InternalAntRunner.java:535)
	at sun.reflect.NativeMethodAccessorImpl.invoke0(Native Method)
	at sun.reflect.NativeMethodAccessorImpl.invoke(NativeMethodAccessorImpl.java:57)
	at sun.reflect.DelegatingMethodAccessorImpl.invoke(DelegatingMethodAccessorImpl.java:43)
	at java.lang.reflect.Method.invoke(Method.java:616)
	at org.eclipse.ant.core.AntRunner.run(AntRunner.java:513)
	at org.eclipse.ant.core.AntRunner.start(AntRunner.java:600)
	at org.eclipse.equinox.internal.app.EclipseAppHandle.run(EclipseAppHandle.java:196)
	at org.eclipse.core.runtime.internal.adaptor.EclipseAppLauncher.runApplication(EclipseAppLauncher.java:110)
	at org.eclipse.core.runtime.internal.adaptor.EclipseAppLauncher.start(EclipseAppLauncher.java:79)
	at org.eclipse.core.runtime.adaptor.EclipseStarter.run(EclipseStarter.java:344)
	at org.eclipse.core.runtime.adaptor.EclipseStarter.run(EclipseStarter.java:179)
	at sun.reflect.NativeMethodAccessorImpl.invoke0(Native Method)
	at sun.reflect.NativeMethodAccessorImpl.invoke(NativeMethodAccessorImpl.java:57)
	at sun.reflect.DelegatingMethodAccessorImpl.invoke(DelegatingMethodAccessorImpl.java:43)
	at java.lang.reflect.Method.invoke(Method.java:616)
	at org.eclipse.equinox.launcher.Main.invokeFramework(Main.java:622)
	at org.eclipse.equinox.launcher.Main.basicRun(Main.java:577)
	at org.eclipse.equinox.launcher.Main.run(Main.java:1410)
	at org.eclipse.equinox.launcher.Main.main(Main.java:1386)
Caused by: /home/zx/eclipse/org.eclipse.linuxtools.eclipse-build/eclipse-build/pdebuild.xml:19: Unable to find element: org.eclipse.ecf.provider.filetransfer.httpclient.
	at org.eclipse.pde.internal.build.tasks.BuildScriptGeneratorTask.execute(BuildScriptGeneratorTask.java:94)
	at org.apache.tools.ant.UnknownElement.execute(UnknownElement.java:291)
	at sun.reflect.GeneratedMethodAccessor8.invoke(Unknown Source)
	at sun.reflect.DelegatingMethodAccessorImpl.invoke(DelegatingMethodAccessorImpl.java:43)
	at java.lang.reflect.Method.invoke(Method.java:616)
	at org.apache.tools.ant.dispatch.DispatchUtils.execute(DispatchUtils.java:106)
	at org.apache.tools.ant.Task.perform(Task.java:348)
	at org.apache.tools.ant.taskdefs.Sequential.execute(Sequential.java:68)
	at org.apache.tools.ant.UnknownElement.execute(UnknownElement.java:291)
	at sun.reflect.GeneratedMethodAccessor8.invoke(Unknown Source)
	at sun.reflect.DelegatingMethodAccessorImpl.invoke(DelegatingMethodAccessorImpl.java:43)
	at java.lang.reflect.Method.invoke(Method.java:616)
	at org.apache.tools.ant.dispatch.DispatchUtils.execute(DispatchUtils.java:106)
	at org.apache.tools.ant.Task.perform(Task.java:348)
	at org.apache.tools.ant.taskdefs.MacroInstance.execute(MacroInstance.java:398)
	... 34 more
An error has occurred. See the log file
/home/zx/eclipses/eclipse/.metadata/.log.
